05-Sep-22 18:39:46 - Exception occurred


Traceback (most recent call last):
  File "D:\Python\Python\HoloStats\youtube\video.py", line 15, in __post_init__
    infos = get_video_details(self.id)
  File "D:\Python\Python\HoloStats\yt_api.py", line 32, in get_video_details
    statistics = requests.get(f"{URL}stats&id={video_id}&key={API_KEY}").json()['items'][0]['stats']
KeyError: 'items'
05-Sep-22 18:40:10 - Exception occurred


Traceback (most recent call last):
  File "D:\Python\Python\HoloStats\youtube\video.py", line 15, in __post_init__
    infos = get_video_details(self.id)
  File "D:\Python\Python\HoloStats\yt_api.py", line 33, in get_video_details
    statistics = requests.get(f"{URL}stats&id={video_id}&key={API_KEY}").json()['items'][0]['stats']
KeyError: 'items'
05-Sep-22 18:40:59 - Exception occurred


Traceback (most recent call last):
  File "D:\Python\Python\HoloStats\youtube\video.py", line 15, in __post_init__
    infos = get_video_details(self.id)
  File "D:\Python\Python\HoloStats\yt_api.py", line 32, in get_video_details
    statistics = requests.get(f"{URL}statistics&id={video_id}&key={API_KEY}").json()['items'][0]['stats']
KeyError: 'stats'
05-Sep-22 18:41:31 - Exception occurred


Traceback (most recent call last):
  File "D:\Python\Python\HoloStats\youtube\video.py", line 15, in __post_init__
    infos = get_video_details(self.id)
  File "D:\Python\Python\HoloStats\yt_api.py", line 32, in get_video_details
    statistics = requests.get(f"{URL}statistics&id={video_id}&key={API_KEY}").json()['items'][0]['stats']
KeyError: 'stats'
05-Sep-22 19:56:30 - Exception occurred


Traceback (most recent call last):
  File "D:\Python\Python\HoloStats\youtube\video.py", line 21, in __init__
    infos = get_video_details(self.id)
  File "D:\Python\Python\HoloStats\yt_api.py", line 30, in get_video_details
    content_details = requests.get(f"{URL}contentDetails&id={video_id}&key={API_KEY}").json()['items'][0][
IndexError: list index out of range
05-Sep-22 19:57:41 - Exception occurred


Traceback (most recent call last):
  File "D:\Python\Python\HoloStats\youtube\video.py", line 21, in __init__
    infos = get_video_details(self.id)
  File "D:\Python\Python\HoloStats\yt_api.py", line 30, in get_video_details
    content_details = requests.get(f"{URL}contentDetails&id={video_id}&key={API_KEY}").json()['items'][0][
IndexError: list index out of range
05-Sep-22 19:57:52 - Exception occurred


Traceback (most recent call last):
  File "D:\Python\Python\HoloStats\youtube\video.py", line 21, in __init__
    infos = get_video_details(self.id)
  File "D:\Python\Python\HoloStats\yt_api.py", line 30, in get_video_details
    content_details = requests.get(f"{URL}contentDetails&id={video_id}&key={API_KEY}").json()['items'][0][
IndexError: list index out of range
05-Sep-22 20:00:36 - Exception occurred


Traceback (most recent call last):
  File "D:\Python\Python\HoloStats\youtube\video.py", line 21, in __init__
    infos = get_video_details(self.id)
  File "D:\Python\Python\HoloStats\yt_api.py", line 30, in get_video_details
    content_details = requests.get(f"{URL}contentDetails&id={video_id}&key={API_KEY}").json()['items'][0][
IndexError: list index out of range
05-Sep-22 20:00:47 - Exception occurred


Traceback (most recent call last):
  File "D:\Python\Python\HoloStats\youtube\video.py", line 21, in __init__
    infos = get_video_details(self.id)
  File "D:\Python\Python\HoloStats\yt_api.py", line 30, in get_video_details
    content_details = requests.get(f"{URL}contentDetails&id={video_id}&key={API_KEY}").json()['items'][0][
IndexError: list index out of range
05-Sep-22 20:02:33 - Exception occurred


Traceback (most recent call last):
  File "D:\Python\Python\HoloStats\youtube\video.py", line 21, in __init__
    infos = get_video_details(self.id)
  File "D:\Python\Python\HoloStats\yt_api.py", line 30, in get_video_details
    content_details = requests.get(f"{URL}contentDetails&id={video_id}&key={API_KEY}").json()['items'][0][
IndexError: list index out of range
05-Sep-22 20:03:43 - Exception occurred


Traceback (most recent call last):
  File "D:\Python\Python\HoloStats\youtube\video.py", line 21, in __init__
    infos = get_video_details(self.id)
  File "D:\Python\Python\HoloStats\yt_api.py", line 30, in get_video_details
    content_details = requests.get(f"{URL}contentDetails&id={video_id}&key={API_KEY}").json()['items'][0][
IndexError: list index out of range
05-Sep-22 20:04:14 - Exception occurred


Traceback (most recent call last):
  File "D:\Python\Python\HoloStats\youtube\video.py", line 21, in __init__
    infos = get_video_details(self.id)
  File "D:\Python\Python\HoloStats\yt_api.py", line 30, in get_video_details
    content_details = requests.get(f"{URL}contentDetails&id={video_id}&key={API_KEY}").json()['items'][0][
KeyError: 'items'
05-Sep-22 20:05:39 - Exception occurred


Traceback (most recent call last):
  File "D:\Python\Python\HoloStats\youtube\video.py", line 21, in __init__
    infos = get_video_details(self.id)
  File "D:\Python\Python\HoloStats\yt_api.py", line 30, in get_video_details
    content_details = requests.get(f"{URL}contentDetails&id={video_id}&key={API_KEY}").json()['items'][0][
IndexError: list index out of range
05-Sep-22 20:05:55 - Exception occurred


Traceback (most recent call last):
  File "D:\Python\Python\HoloStats\youtube\video.py", line 21, in __init__
    infos = get_video_details(self.id)
  File "D:\Python\Python\HoloStats\yt_api.py", line 30, in get_video_details
    content_details = requests.get(f"{URL}contentDetails&id={video_id}&key={API_KEY}").json()['items'][0][
IndexError: list index out of range
05-Sep-22 20:06:14 - Exception occurred


Traceback (most recent call last):
  File "D:\Python\Python\HoloStats\youtube\video.py", line 21, in __init__
    infos = get_video_details(self.id)
  File "D:\Python\Python\HoloStats\yt_api.py", line 30, in get_video_details
    content_details = requests.get(f"{URL}contentDetails&id={video_id}&key={API_KEY}").json()['items'][0][
IndexError: list index out of range
05-Sep-22 20:06:42 - Exception occurred


Traceback (most recent call last):
  File "D:\Python\Python\HoloStats\youtube\video.py", line 21, in __init__
    infos = get_video_details(self.id)
  File "D:\Python\Python\HoloStats\yt_api.py", line 30, in get_video_details
    content_details = requests.get(f"{URL}contentDetails&id={video_id}&key={API_KEY}").json()['items'][0][
IndexError: list index out of range
05-Sep-22 20:06:59 - Exception occurred


Traceback (most recent call last):
  File "D:\Python\Python\HoloStats\youtube\video.py", line 21, in __init__
    infos = get_video_details(self.id)
  File "D:\Python\Python\HoloStats\yt_api.py", line 30, in get_video_details
    content_details = requests.get(f"{URL}contentDetails&id={video_id}&key={API_KEY}").json()['items'][0][
IndexError: list index out of range
05-Sep-22 20:07:42 - Exception occurred


Traceback (most recent call last):
  File "D:\Python\Python\HoloStats\youtube\video.py", line 21, in __init__
    infos = get_video_details(self.id)
  File "D:\Python\Python\HoloStats\yt_api.py", line 30, in get_video_details
    content_details = requests.get(f"{URL}contentDetails&id={video_id}&key={API_KEY}").json()['items'][0][
IndexError: list index out of range
05-Sep-22 20:07:57 - Exception occurred


Traceback (most recent call last):
  File "D:\Python\Python\HoloStats\youtube\video.py", line 21, in __init__
    infos = get_video_details(self.id)
  File "D:\Python\Python\HoloStats\yt_api.py", line 30, in get_video_details
    content_details = requests.get(f"{URL}contentDetails&id={video_id}&key={API_KEY}").json()['items'][0][
IndexError: list index out of range
05-Sep-22 20:09:41 - <class 'KeyError'>-'authorName' item:{'liveChatTextMessageRenderer': {'message': {'runs': [{'text': 'love u girl!!'}]}, 'authorPhoto': {'thumbnails': [{'url': 'https://yt4.ggpht.com/7DcgJ4As5yaM6EBB8FcqvY5JbfrQwKL47S8-C__2GxHktUP12fGg6FVl92P5vEAYHZssES-0=s32-c-k-c0x00ffffff-no-rj', 'width': 32, 'height': 32}, {'url': 'https://yt4.ggpht.com/7DcgJ4As5yaM6EBB8FcqvY5JbfrQwKL47S8-C__2GxHktUP12fGg6FVl92P5vEAYHZssES-0=s64-c-k-c0x00ffffff-no-rj', 'width': 64, 'height': 64}]}, 'contextMenuEndpoint': {'commandMetadata': {'webCommandMetadata': {'ignoreNavigation': True}}, 'liveChatItemContextMenuEndpoint': {'params': 'Q2tjS1JRb2FRMDVUYW5CTWJVWnJMVFJEUm1OTVozZFJiMlJXT0UxSlVtY1NKME5LVjJGbmNrZEdheTAwUTBaVlIwVnNVVWxrU1VOalQyOW5NVFl4TURNek9UTXlNREl3TmhvNEdnMEtDekYyYVc5MVdITjNVMUpCS2ljS0dGVkRiMU55V1Y5SlVWRldjRzFKVWxvNVdHWXRlVGt6WnhJTE1YWnBiM1ZZYzNkVFVrRWdBU2dFTWhvS0dGVkRiamhwVm5Od2JWVklXWFZvZVV4blYwcDBPVTlMVVRnQ1NBRlFBUSUzRCUzRA=='}}, 'id': 'CkUKGkNOU2pwTG1Gay00Q0ZjTGd3UW9kVjhNSVJnEidDSldhZ3JHRmstNENGVUdFbFFJZElDY09vZzE2MTAzMzkzMjAyMDY%3D', 'timestampUsec': '1610339320402438', 'authorExternalChannelId': 'UCn8iVspmUHYuhyLgWJt9OKQ', 'contextMenuAccessibility': {'accessibilityData': {'label': 'Chat actions'}}, 'timestampText': {'simpleText': '1:56:52'}}}



05-Sep-22 20:11:18 - Exception occurred


Traceback (most recent call last):
  File "D:\Python\Python\HoloStats\youtube\video.py", line 21, in __init__
    infos = get_video_details(self.id)
  File "D:\Python\Python\HoloStats\yt_api.py", line 30, in get_video_details
    content_details = requests.get(f"{URL}contentDetails&id={video_id}&key={API_KEY}").json()['items'][0][
KeyError: 'items'
05-Sep-22 20:11:57 - <class 'KeyError'>-'authorName' item:{'liveChatTextMessageRenderer': {'message': {'runs': [{'text': 'love u girl!!'}]}, 'authorPhoto': {'thumbnails': [{'url': 'https://yt4.ggpht.com/7DcgJ4As5yaM6EBB8FcqvY5JbfrQwKL47S8-C__2GxHktUP12fGg6FVl92P5vEAYHZssES-0=s32-c-k-c0x00ffffff-no-rj', 'width': 32, 'height': 32}, {'url': 'https://yt4.ggpht.com/7DcgJ4As5yaM6EBB8FcqvY5JbfrQwKL47S8-C__2GxHktUP12fGg6FVl92P5vEAYHZssES-0=s64-c-k-c0x00ffffff-no-rj', 'width': 64, 'height': 64}]}, 'contextMenuEndpoint': {'commandMetadata': {'webCommandMetadata': {'ignoreNavigation': True}}, 'liveChatItemContextMenuEndpoint': {'params': 'Q2tjS1JRb2FRMDVUYW5CTWJVWnJMVFJEUm1OTVozZFJiMlJXT0UxSlVtY1NKME5LVjJGbmNrZEdheTAwUTBaVlIwVnNVVWxrU1VOalQyOW5NVFl4TURNek9UTXlNREl3TmhvNEdnMEtDekYyYVc5MVdITjNVMUpCS2ljS0dGVkRiMU55V1Y5SlVWRldjRzFKVWxvNVdHWXRlVGt6WnhJTE1YWnBiM1ZZYzNkVFVrRWdBU2dFTWhvS0dGVkRiamhwVm5Od2JWVklXWFZvZVV4blYwcDBPVTlMVVRnQ1NBRlFBUSUzRCUzRA=='}}, 'id': 'CkUKGkNOU2pwTG1Gay00Q0ZjTGd3UW9kVjhNSVJnEidDSldhZ3JHRmstNENGVUdFbFFJZElDY09vZzE2MTAzMzkzMjAyMDY%3D', 'timestampUsec': '1610339320402438', 'authorExternalChannelId': 'UCn8iVspmUHYuhyLgWJt9OKQ', 'contextMenuAccessibility': {'accessibilityData': {'label': 'Chat actions'}}, 'timestampText': {'simpleText': '1:56:52'}}}



05-Sep-22 20:13:32 - Exception occurred


Traceback (most recent call last):
  File "D:\Python\Python\HoloStats\youtube\video.py", line 21, in __init__
    infos = get_video_details(self.id)
  File "D:\Python\Python\HoloStats\yt_api.py", line 31, in get_video_details
    content_details = requests.get(f"{URL}contentDetails&id={video_id}&key={API_KEY}").json()['items'][0][
IndexError: list index out of range
05-Sep-22 20:13:47 - Exception occurred


Traceback (most recent call last):
  File "D:\Python\Python\HoloStats\youtube\video.py", line 21, in __init__
    infos = get_video_details(self.id)
  File "D:\Python\Python\HoloStats\yt_api.py", line 31, in get_video_details
    content_details = requests.get(f"{URL}contentDetails&id={video_id}&key={API_KEY}").json()['items'][0][
IndexError: list index out of range
05-Sep-22 20:14:42 - Exception occurred


Traceback (most recent call last):
  File "D:\Python\Python\HoloStats\youtube\video.py", line 21, in __init__
    infos = get_video_details(self.id)
  File "D:\Python\Python\HoloStats\yt_api.py", line 31, in get_video_details
    content_details = requests.get(f"{URL}contentDetails&id={video_id}&key={API_KEY}").json()['items'][0][
IndexError: list index out of range
05-Sep-22 20:20:15 - <class 'KeyError'>-'authorName' item:{'liveChatTextMessageRenderer': {'message': {'runs': [{'text': 'love u girl!!'}]}, 'authorPhoto': {'thumbnails': [{'url': 'https://yt4.ggpht.com/7DcgJ4As5yaM6EBB8FcqvY5JbfrQwKL47S8-C__2GxHktUP12fGg6FVl92P5vEAYHZssES-0=s32-c-k-c0x00ffffff-no-rj', 'width': 32, 'height': 32}, {'url': 'https://yt4.ggpht.com/7DcgJ4As5yaM6EBB8FcqvY5JbfrQwKL47S8-C__2GxHktUP12fGg6FVl92P5vEAYHZssES-0=s64-c-k-c0x00ffffff-no-rj', 'width': 64, 'height': 64}]}, 'contextMenuEndpoint': {'commandMetadata': {'webCommandMetadata': {'ignoreNavigation': True}}, 'liveChatItemContextMenuEndpoint': {'params': 'Q2tjS1JRb2FRMDVUYW5CTWJVWnJMVFJEUm1OTVozZFJiMlJXT0UxSlVtY1NKME5LVjJGbmNrZEdheTAwUTBaVlIwVnNVVWxrU1VOalQyOW5NVFl4TURNek9UTXlNREl3TmhvNEdnMEtDekYyYVc5MVdITjNVMUpCS2ljS0dGVkRiMU55V1Y5SlVWRldjRzFKVWxvNVdHWXRlVGt6WnhJTE1YWnBiM1ZZYzNkVFVrRWdBU2dFTWhvS0dGVkRiamhwVm5Od2JWVklXWFZvZVV4blYwcDBPVTlMVVRnQ1NBRlFBUSUzRCUzRA=='}}, 'id': 'CkUKGkNOU2pwTG1Gay00Q0ZjTGd3UW9kVjhNSVJnEidDSldhZ3JHRmstNENGVUdFbFFJZElDY09vZzE2MTAzMzkzMjAyMDY%3D', 'timestampUsec': '1610339320402438', 'authorExternalChannelId': 'UCn8iVspmUHYuhyLgWJt9OKQ', 'contextMenuAccessibility': {'accessibilityData': {'label': 'Chat actions'}}, 'timestampText': {'simpleText': '1:56:52'}}}



05-Sep-22 20:27:17 - <class 'KeyError'>-'authorName' item:{'liveChatTextMessageRenderer': {'message': {'runs': [{'text': 'love u girl!!'}]}, 'authorPhoto': {'thumbnails': [{'url': 'https://yt4.ggpht.com/7DcgJ4As5yaM6EBB8FcqvY5JbfrQwKL47S8-C__2GxHktUP12fGg6FVl92P5vEAYHZssES-0=s32-c-k-c0x00ffffff-no-rj', 'width': 32, 'height': 32}, {'url': 'https://yt4.ggpht.com/7DcgJ4As5yaM6EBB8FcqvY5JbfrQwKL47S8-C__2GxHktUP12fGg6FVl92P5vEAYHZssES-0=s64-c-k-c0x00ffffff-no-rj', 'width': 64, 'height': 64}]}, 'contextMenuEndpoint': {'commandMetadata': {'webCommandMetadata': {'ignoreNavigation': True}}, 'liveChatItemContextMenuEndpoint': {'params': 'Q2tjS1JRb2FRMDVUYW5CTWJVWnJMVFJEUm1OTVozZFJiMlJXT0UxSlVtY1NKME5LVjJGbmNrZEdheTAwUTBaVlIwVnNVVWxrU1VOalQyOW5NVFl4TURNek9UTXlNREl3TmhvNEdnMEtDekYyYVc5MVdITjNVMUpCS2ljS0dGVkRiMU55V1Y5SlVWRldjRzFKVWxvNVdHWXRlVGt6WnhJTE1YWnBiM1ZZYzNkVFVrRWdBU2dFTWhvS0dGVkRiamhwVm5Od2JWVklXWFZvZVV4blYwcDBPVTlMVVRnQ1NBRlFBUSUzRCUzRA=='}}, 'id': 'CkUKGkNOU2pwTG1Gay00Q0ZjTGd3UW9kVjhNSVJnEidDSldhZ3JHRmstNENGVUdFbFFJZElDY09vZzE2MTAzMzkzMjAyMDY%3D', 'timestampUsec': '1610339320402438', 'authorExternalChannelId': 'UCn8iVspmUHYuhyLgWJt9OKQ', 'contextMenuAccessibility': {'accessibilityData': {'label': 'Chat actions'}}, 'timestampText': {'simpleText': '1:56:52'}}}



05-Sep-22 20:28:14 - <class 'KeyError'>-'authorName' item:{'liveChatTextMessageRenderer': {'message': {'runs': [{'text': 'love u girl!!'}]}, 'authorPhoto': {'thumbnails': [{'url': 'https://yt4.ggpht.com/7DcgJ4As5yaM6EBB8FcqvY5JbfrQwKL47S8-C__2GxHktUP12fGg6FVl92P5vEAYHZssES-0=s32-c-k-c0x00ffffff-no-rj', 'width': 32, 'height': 32}, {'url': 'https://yt4.ggpht.com/7DcgJ4As5yaM6EBB8FcqvY5JbfrQwKL47S8-C__2GxHktUP12fGg6FVl92P5vEAYHZssES-0=s64-c-k-c0x00ffffff-no-rj', 'width': 64, 'height': 64}]}, 'contextMenuEndpoint': {'commandMetadata': {'webCommandMetadata': {'ignoreNavigation': True}}, 'liveChatItemContextMenuEndpoint': {'params': 'Q2tjS1JRb2FRMDVUYW5CTWJVWnJMVFJEUm1OTVozZFJiMlJXT0UxSlVtY1NKME5LVjJGbmNrZEdheTAwUTBaVlIwVnNVVWxrU1VOalQyOW5NVFl4TURNek9UTXlNREl3TmhvNEdnMEtDekYyYVc5MVdITjNVMUpCS2ljS0dGVkRiMU55V1Y5SlVWRldjRzFKVWxvNVdHWXRlVGt6WnhJTE1YWnBiM1ZZYzNkVFVrRWdBU2dFTWhvS0dGVkRiamhwVm5Od2JWVklXWFZvZVV4blYwcDBPVTlMVVRnQ1NBRlFBUSUzRCUzRA=='}}, 'id': 'CkUKGkNOU2pwTG1Gay00Q0ZjTGd3UW9kVjhNSVJnEidDSldhZ3JHRmstNENGVUdFbFFJZElDY09vZzE2MTAzMzkzMjAyMDY%3D', 'timestampUsec': '1610339320402438', 'authorExternalChannelId': 'UCn8iVspmUHYuhyLgWJt9OKQ', 'contextMenuAccessibility': {'accessibilityData': {'label': 'Chat actions'}}, 'timestampText': {'simpleText': '1:56:52'}}}



05-Sep-22 20:39:46 - <class 'KeyError'>-'authorName' item:{'liveChatTextMessageRenderer': {'message': {'runs': [{'text': 'love u girl!!'}]}, 'authorPhoto': {'thumbnails': [{'url': 'https://yt4.ggpht.com/7DcgJ4As5yaM6EBB8FcqvY5JbfrQwKL47S8-C__2GxHktUP12fGg6FVl92P5vEAYHZssES-0=s32-c-k-c0x00ffffff-no-rj', 'width': 32, 'height': 32}, {'url': 'https://yt4.ggpht.com/7DcgJ4As5yaM6EBB8FcqvY5JbfrQwKL47S8-C__2GxHktUP12fGg6FVl92P5vEAYHZssES-0=s64-c-k-c0x00ffffff-no-rj', 'width': 64, 'height': 64}]}, 'contextMenuEndpoint': {'commandMetadata': {'webCommandMetadata': {'ignoreNavigation': True}}, 'liveChatItemContextMenuEndpoint': {'params': 'Q2tjS1JRb2FRMDVUYW5CTWJVWnJMVFJEUm1OTVozZFJiMlJXT0UxSlVtY1NKME5LVjJGbmNrZEdheTAwUTBaVlIwVnNVVWxrU1VOalQyOW5NVFl4TURNek9UTXlNREl3TmhvNEdnMEtDekYyYVc5MVdITjNVMUpCS2ljS0dGVkRiMU55V1Y5SlVWRldjRzFKVWxvNVdHWXRlVGt6WnhJTE1YWnBiM1ZZYzNkVFVrRWdBU2dFTWhvS0dGVkRiamhwVm5Od2JWVklXWFZvZVV4blYwcDBPVTlMVVRnQ1NBRlFBUSUzRCUzRA=='}}, 'id': 'CkUKGkNOU2pwTG1Gay00Q0ZjTGd3UW9kVjhNSVJnEidDSldhZ3JHRmstNENGVUdFbFFJZElDY09vZzE2MTAzMzkzMjAyMDY%3D', 'timestampUsec': '1610339320402438', 'authorExternalChannelId': 'UCn8iVspmUHYuhyLgWJt9OKQ', 'contextMenuAccessibility': {'accessibilityData': {'label': 'Chat actions'}}, 'timestampText': {'simpleText': '1:56:52'}}}



05-Sep-22 20:40:44 - <class 'KeyError'>-'authorName' item:{'liveChatTextMessageRenderer': {'message': {'runs': [{'text': 'love u girl!!'}]}, 'authorPhoto': {'thumbnails': [{'url': 'https://yt4.ggpht.com/7DcgJ4As5yaM6EBB8FcqvY5JbfrQwKL47S8-C__2GxHktUP12fGg6FVl92P5vEAYHZssES-0=s32-c-k-c0x00ffffff-no-rj', 'width': 32, 'height': 32}, {'url': 'https://yt4.ggpht.com/7DcgJ4As5yaM6EBB8FcqvY5JbfrQwKL47S8-C__2GxHktUP12fGg6FVl92P5vEAYHZssES-0=s64-c-k-c0x00ffffff-no-rj', 'width': 64, 'height': 64}]}, 'contextMenuEndpoint': {'commandMetadata': {'webCommandMetadata': {'ignoreNavigation': True}}, 'liveChatItemContextMenuEndpoint': {'params': 'Q2tjS1JRb2FRMDVUYW5CTWJVWnJMVFJEUm1OTVozZFJiMlJXT0UxSlVtY1NKME5LVjJGbmNrZEdheTAwUTBaVlIwVnNVVWxrU1VOalQyOW5NVFl4TURNek9UTXlNREl3TmhvNEdnMEtDekYyYVc5MVdITjNVMUpCS2ljS0dGVkRiMU55V1Y5SlVWRldjRzFKVWxvNVdHWXRlVGt6WnhJTE1YWnBiM1ZZYzNkVFVrRWdBU2dFTWhvS0dGVkRiamhwVm5Od2JWVklXWFZvZVV4blYwcDBPVTlMVVRnQ1NBRlFBUSUzRCUzRA=='}}, 'id': 'CkUKGkNOU2pwTG1Gay00Q0ZjTGd3UW9kVjhNSVJnEidDSldhZ3JHRmstNENGVUdFbFFJZElDY09vZzE2MTAzMzkzMjAyMDY%3D', 'timestampUsec': '1610339320402438', 'authorExternalChannelId': 'UCn8iVspmUHYuhyLgWJt9OKQ', 'contextMenuAccessibility': {'accessibilityData': {'label': 'Chat actions'}}, 'timestampText': {'simpleText': '1:56:52'}}}



05-Sep-22 20:41:41 - <class 'KeyError'>-'authorName' item:{'liveChatTextMessageRenderer': {'message': {'runs': [{'text': 'love u girl!!'}]}, 'authorPhoto': {'thumbnails': [{'url': 'https://yt4.ggpht.com/7DcgJ4As5yaM6EBB8FcqvY5JbfrQwKL47S8-C__2GxHktUP12fGg6FVl92P5vEAYHZssES-0=s32-c-k-c0x00ffffff-no-rj', 'width': 32, 'height': 32}, {'url': 'https://yt4.ggpht.com/7DcgJ4As5yaM6EBB8FcqvY5JbfrQwKL47S8-C__2GxHktUP12fGg6FVl92P5vEAYHZssES-0=s64-c-k-c0x00ffffff-no-rj', 'width': 64, 'height': 64}]}, 'contextMenuEndpoint': {'commandMetadata': {'webCommandMetadata': {'ignoreNavigation': True}}, 'liveChatItemContextMenuEndpoint': {'params': 'Q2tjS1JRb2FRMDVUYW5CTWJVWnJMVFJEUm1OTVozZFJiMlJXT0UxSlVtY1NKME5LVjJGbmNrZEdheTAwUTBaVlIwVnNVVWxrU1VOalQyOW5NVFl4TURNek9UTXlNREl3TmhvNEdnMEtDekYyYVc5MVdITjNVMUpCS2ljS0dGVkRiMU55V1Y5SlVWRldjRzFKVWxvNVdHWXRlVGt6WnhJTE1YWnBiM1ZZYzNkVFVrRWdBU2dFTWhvS0dGVkRiamhwVm5Od2JWVklXWFZvZVV4blYwcDBPVTlMVVRnQ1NBRlFBUSUzRCUzRA=='}}, 'id': 'CkUKGkNOU2pwTG1Gay00Q0ZjTGd3UW9kVjhNSVJnEidDSldhZ3JHRmstNENGVUdFbFFJZElDY09vZzE2MTAzMzkzMjAyMDY%3D', 'timestampUsec': '1610339320402438', 'authorExternalChannelId': 'UCn8iVspmUHYuhyLgWJt9OKQ', 'contextMenuAccessibility': {'accessibilityData': {'label': 'Chat actions'}}, 'timestampText': {'simpleText': '1:56:52'}}}



05-Sep-22 20:42:36 - <class 'KeyError'>-'authorName' item:{'liveChatTextMessageRenderer': {'message': {'runs': [{'text': 'love u girl!!'}]}, 'authorPhoto': {'thumbnails': [{'url': 'https://yt4.ggpht.com/7DcgJ4As5yaM6EBB8FcqvY5JbfrQwKL47S8-C__2GxHktUP12fGg6FVl92P5vEAYHZssES-0=s32-c-k-c0x00ffffff-no-rj', 'width': 32, 'height': 32}, {'url': 'https://yt4.ggpht.com/7DcgJ4As5yaM6EBB8FcqvY5JbfrQwKL47S8-C__2GxHktUP12fGg6FVl92P5vEAYHZssES-0=s64-c-k-c0x00ffffff-no-rj', 'width': 64, 'height': 64}]}, 'contextMenuEndpoint': {'commandMetadata': {'webCommandMetadata': {'ignoreNavigation': True}}, 'liveChatItemContextMenuEndpoint': {'params': 'Q2tjS1JRb2FRMDVUYW5CTWJVWnJMVFJEUm1OTVozZFJiMlJXT0UxSlVtY1NKME5LVjJGbmNrZEdheTAwUTBaVlIwVnNVVWxrU1VOalQyOW5NVFl4TURNek9UTXlNREl3TmhvNEdnMEtDekYyYVc5MVdITjNVMUpCS2ljS0dGVkRiMU55V1Y5SlVWRldjRzFKVWxvNVdHWXRlVGt6WnhJTE1YWnBiM1ZZYzNkVFVrRWdBU2dFTWhvS0dGVkRiamhwVm5Od2JWVklXWFZvZVV4blYwcDBPVTlMVVRnQ1NBRlFBUSUzRCUzRA=='}}, 'id': 'CkUKGkNOU2pwTG1Gay00Q0ZjTGd3UW9kVjhNSVJnEidDSldhZ3JHRmstNENGVUdFbFFJZElDY09vZzE2MTAzMzkzMjAyMDY%3D', 'timestampUsec': '1610339320402438', 'authorExternalChannelId': 'UCn8iVspmUHYuhyLgWJt9OKQ', 'contextMenuAccessibility': {'accessibilityData': {'label': 'Chat actions'}}, 'timestampText': {'simpleText': '1:56:52'}}}



05-Sep-22 20:45:35 - <class 'KeyError'>-'authorName' item:{'liveChatTextMessageRenderer': {'message': {'runs': [{'text': 'love u girl!!'}]}, 'authorPhoto': {'thumbnails': [{'url': 'https://yt4.ggpht.com/7DcgJ4As5yaM6EBB8FcqvY5JbfrQwKL47S8-C__2GxHktUP12fGg6FVl92P5vEAYHZssES-0=s32-c-k-c0x00ffffff-no-rj', 'width': 32, 'height': 32}, {'url': 'https://yt4.ggpht.com/7DcgJ4As5yaM6EBB8FcqvY5JbfrQwKL47S8-C__2GxHktUP12fGg6FVl92P5vEAYHZssES-0=s64-c-k-c0x00ffffff-no-rj', 'width': 64, 'height': 64}]}, 'contextMenuEndpoint': {'commandMetadata': {'webCommandMetadata': {'ignoreNavigation': True}}, 'liveChatItemContextMenuEndpoint': {'params': 'Q2tjS1JRb2FRMDVUYW5CTWJVWnJMVFJEUm1OTVozZFJiMlJXT0UxSlVtY1NKME5LVjJGbmNrZEdheTAwUTBaVlIwVnNVVWxrU1VOalQyOW5NVFl4TURNek9UTXlNREl3TmhvNEdnMEtDekYyYVc5MVdITjNVMUpCS2ljS0dGVkRiMU55V1Y5SlVWRldjRzFKVWxvNVdHWXRlVGt6WnhJTE1YWnBiM1ZZYzNkVFVrRWdBU2dFTWhvS0dGVkRiamhwVm5Od2JWVklXWFZvZVV4blYwcDBPVTlMVVRnQ1NBRlFBUSUzRCUzRA=='}}, 'id': 'CkUKGkNOU2pwTG1Gay00Q0ZjTGd3UW9kVjhNSVJnEidDSldhZ3JHRmstNENGVUdFbFFJZElDY09vZzE2MTAzMzkzMjAyMDY%3D', 'timestampUsec': '1610339320402438', 'authorExternalChannelId': 'UCn8iVspmUHYuhyLgWJt9OKQ', 'contextMenuAccessibility': {'accessibilityData': {'label': 'Chat actions'}}, 'timestampText': {'simpleText': '1:56:52'}}}



05-Sep-22 20:46:29 - <class 'KeyError'>-'authorName' item:{'liveChatTextMessageRenderer': {'message': {'runs': [{'text': 'love u girl!!'}]}, 'authorPhoto': {'thumbnails': [{'url': 'https://yt4.ggpht.com/7DcgJ4As5yaM6EBB8FcqvY5JbfrQwKL47S8-C__2GxHktUP12fGg6FVl92P5vEAYHZssES-0=s32-c-k-c0x00ffffff-no-rj', 'width': 32, 'height': 32}, {'url': 'https://yt4.ggpht.com/7DcgJ4As5yaM6EBB8FcqvY5JbfrQwKL47S8-C__2GxHktUP12fGg6FVl92P5vEAYHZssES-0=s64-c-k-c0x00ffffff-no-rj', 'width': 64, 'height': 64}]}, 'contextMenuEndpoint': {'commandMetadata': {'webCommandMetadata': {'ignoreNavigation': True}}, 'liveChatItemContextMenuEndpoint': {'params': 'Q2tjS1JRb2FRMDVUYW5CTWJVWnJMVFJEUm1OTVozZFJiMlJXT0UxSlVtY1NKME5LVjJGbmNrZEdheTAwUTBaVlIwVnNVVWxrU1VOalQyOW5NVFl4TURNek9UTXlNREl3TmhvNEdnMEtDekYyYVc5MVdITjNVMUpCS2ljS0dGVkRiMU55V1Y5SlVWRldjRzFKVWxvNVdHWXRlVGt6WnhJTE1YWnBiM1ZZYzNkVFVrRWdBU2dFTWhvS0dGVkRiamhwVm5Od2JWVklXWFZvZVV4blYwcDBPVTlMVVRnQ1NBRlFBUSUzRCUzRA=='}}, 'id': 'CkUKGkNOU2pwTG1Gay00Q0ZjTGd3UW9kVjhNSVJnEidDSldhZ3JHRmstNENGVUdFbFFJZElDY09vZzE2MTAzMzkzMjAyMDY%3D', 'timestampUsec': '1610339320402438', 'authorExternalChannelId': 'UCn8iVspmUHYuhyLgWJt9OKQ', 'contextMenuAccessibility': {'accessibilityData': {'label': 'Chat actions'}}, 'timestampText': {'simpleText': '1:56:52'}}}



05-Sep-22 20:47:30 - <class 'KeyError'>-'authorName' item:{'liveChatTextMessageRenderer': {'message': {'runs': [{'text': 'love u girl!!'}]}, 'authorPhoto': {'thumbnails': [{'url': 'https://yt4.ggpht.com/7DcgJ4As5yaM6EBB8FcqvY5JbfrQwKL47S8-C__2GxHktUP12fGg6FVl92P5vEAYHZssES-0=s32-c-k-c0x00ffffff-no-rj', 'width': 32, 'height': 32}, {'url': 'https://yt4.ggpht.com/7DcgJ4As5yaM6EBB8FcqvY5JbfrQwKL47S8-C__2GxHktUP12fGg6FVl92P5vEAYHZssES-0=s64-c-k-c0x00ffffff-no-rj', 'width': 64, 'height': 64}]}, 'contextMenuEndpoint': {'commandMetadata': {'webCommandMetadata': {'ignoreNavigation': True}}, 'liveChatItemContextMenuEndpoint': {'params': 'Q2tjS1JRb2FRMDVUYW5CTWJVWnJMVFJEUm1OTVozZFJiMlJXT0UxSlVtY1NKME5LVjJGbmNrZEdheTAwUTBaVlIwVnNVVWxrU1VOalQyOW5NVFl4TURNek9UTXlNREl3TmhvNEdnMEtDekYyYVc5MVdITjNVMUpCS2ljS0dGVkRiMU55V1Y5SlVWRldjRzFKVWxvNVdHWXRlVGt6WnhJTE1YWnBiM1ZZYzNkVFVrRWdBU2dFTWhvS0dGVkRiamhwVm5Od2JWVklXWFZvZVV4blYwcDBPVTlMVVRnQ1NBRlFBUSUzRCUzRA=='}}, 'id': 'CkUKGkNOU2pwTG1Gay00Q0ZjTGd3UW9kVjhNSVJnEidDSldhZ3JHRmstNENGVUdFbFFJZElDY09vZzE2MTAzMzkzMjAyMDY%3D', 'timestampUsec': '1610339320402438', 'authorExternalChannelId': 'UCn8iVspmUHYuhyLgWJt9OKQ', 'contextMenuAccessibility': {'accessibilityData': {'label': 'Chat actions'}}, 'timestampText': {'simpleText': '1:56:52'}}}



05-Sep-22 20:48:26 - <class 'KeyError'>-'authorName' item:{'liveChatTextMessageRenderer': {'message': {'runs': [{'text': 'love u girl!!'}]}, 'authorPhoto': {'thumbnails': [{'url': 'https://yt4.ggpht.com/7DcgJ4As5yaM6EBB8FcqvY5JbfrQwKL47S8-C__2GxHktUP12fGg6FVl92P5vEAYHZssES-0=s32-c-k-c0x00ffffff-no-rj', 'width': 32, 'height': 32}, {'url': 'https://yt4.ggpht.com/7DcgJ4As5yaM6EBB8FcqvY5JbfrQwKL47S8-C__2GxHktUP12fGg6FVl92P5vEAYHZssES-0=s64-c-k-c0x00ffffff-no-rj', 'width': 64, 'height': 64}]}, 'contextMenuEndpoint': {'commandMetadata': {'webCommandMetadata': {'ignoreNavigation': True}}, 'liveChatItemContextMenuEndpoint': {'params': 'Q2tjS1JRb2FRMDVUYW5CTWJVWnJMVFJEUm1OTVozZFJiMlJXT0UxSlVtY1NKME5LVjJGbmNrZEdheTAwUTBaVlIwVnNVVWxrU1VOalQyOW5NVFl4TURNek9UTXlNREl3TmhvNEdnMEtDekYyYVc5MVdITjNVMUpCS2ljS0dGVkRiMU55V1Y5SlVWRldjRzFKVWxvNVdHWXRlVGt6WnhJTE1YWnBiM1ZZYzNkVFVrRWdBU2dFTWhvS0dGVkRiamhwVm5Od2JWVklXWFZvZVV4blYwcDBPVTlMVVRnQ1NBRlFBUSUzRCUzRA=='}}, 'id': 'CkUKGkNOU2pwTG1Gay00Q0ZjTGd3UW9kVjhNSVJnEidDSldhZ3JHRmstNENGVUdFbFFJZElDY09vZzE2MTAzMzkzMjAyMDY%3D', 'timestampUsec': '1610339320402438', 'authorExternalChannelId': 'UCn8iVspmUHYuhyLgWJt9OKQ', 'contextMenuAccessibility': {'accessibilityData': {'label': 'Chat actions'}}, 'timestampText': {'simpleText': '1:56:52'}}}



05-Sep-22 20:49:21 - <class 'KeyError'>-'authorName' item:{'liveChatTextMessageRenderer': {'message': {'runs': [{'text': 'love u girl!!'}]}, 'authorPhoto': {'thumbnails': [{'url': 'https://yt4.ggpht.com/7DcgJ4As5yaM6EBB8FcqvY5JbfrQwKL47S8-C__2GxHktUP12fGg6FVl92P5vEAYHZssES-0=s32-c-k-c0x00ffffff-no-rj', 'width': 32, 'height': 32}, {'url': 'https://yt4.ggpht.com/7DcgJ4As5yaM6EBB8FcqvY5JbfrQwKL47S8-C__2GxHktUP12fGg6FVl92P5vEAYHZssES-0=s64-c-k-c0x00ffffff-no-rj', 'width': 64, 'height': 64}]}, 'contextMenuEndpoint': {'commandMetadata': {'webCommandMetadata': {'ignoreNavigation': True}}, 'liveChatItemContextMenuEndpoint': {'params': 'Q2tjS1JRb2FRMDVUYW5CTWJVWnJMVFJEUm1OTVozZFJiMlJXT0UxSlVtY1NKME5LVjJGbmNrZEdheTAwUTBaVlIwVnNVVWxrU1VOalQyOW5NVFl4TURNek9UTXlNREl3TmhvNEdnMEtDekYyYVc5MVdITjNVMUpCS2ljS0dGVkRiMU55V1Y5SlVWRldjRzFKVWxvNVdHWXRlVGt6WnhJTE1YWnBiM1ZZYzNkVFVrRWdBU2dFTWhvS0dGVkRiamhwVm5Od2JWVklXWFZvZVV4blYwcDBPVTlMVVRnQ1NBRlFBUSUzRCUzRA=='}}, 'id': 'CkUKGkNOU2pwTG1Gay00Q0ZjTGd3UW9kVjhNSVJnEidDSldhZ3JHRmstNENGVUdFbFFJZElDY09vZzE2MTAzMzkzMjAyMDY%3D', 'timestampUsec': '1610339320402438', 'authorExternalChannelId': 'UCn8iVspmUHYuhyLgWJt9OKQ', 'contextMenuAccessibility': {'accessibilityData': {'label': 'Chat actions'}}, 'timestampText': {'simpleText': '1:56:52'}}}



05-Sep-22 20:50:19 - <class 'KeyError'>-'authorName' item:{'liveChatTextMessageRenderer': {'message': {'runs': [{'text': 'love u girl!!'}]}, 'authorPhoto': {'thumbnails': [{'url': 'https://yt4.ggpht.com/7DcgJ4As5yaM6EBB8FcqvY5JbfrQwKL47S8-C__2GxHktUP12fGg6FVl92P5vEAYHZssES-0=s32-c-k-c0x00ffffff-no-rj', 'width': 32, 'height': 32}, {'url': 'https://yt4.ggpht.com/7DcgJ4As5yaM6EBB8FcqvY5JbfrQwKL47S8-C__2GxHktUP12fGg6FVl92P5vEAYHZssES-0=s64-c-k-c0x00ffffff-no-rj', 'width': 64, 'height': 64}]}, 'contextMenuEndpoint': {'commandMetadata': {'webCommandMetadata': {'ignoreNavigation': True}}, 'liveChatItemContextMenuEndpoint': {'params': 'Q2tjS1JRb2FRMDVUYW5CTWJVWnJMVFJEUm1OTVozZFJiMlJXT0UxSlVtY1NKME5LVjJGbmNrZEdheTAwUTBaVlIwVnNVVWxrU1VOalQyOW5NVFl4TURNek9UTXlNREl3TmhvNEdnMEtDekYyYVc5MVdITjNVMUpCS2ljS0dGVkRiMU55V1Y5SlVWRldjRzFKVWxvNVdHWXRlVGt6WnhJTE1YWnBiM1ZZYzNkVFVrRWdBU2dFTWhvS0dGVkRiamhwVm5Od2JWVklXWFZvZVV4blYwcDBPVTlMVVRnQ1NBRlFBUSUzRCUzRA=='}}, 'id': 'CkUKGkNOU2pwTG1Gay00Q0ZjTGd3UW9kVjhNSVJnEidDSldhZ3JHRmstNENGVUdFbFFJZElDY09vZzE2MTAzMzkzMjAyMDY%3D', 'timestampUsec': '1610339320402438', 'authorExternalChannelId': 'UCn8iVspmUHYuhyLgWJt9OKQ', 'contextMenuAccessibility': {'accessibilityData': {'label': 'Chat actions'}}, 'timestampText': {'simpleText': '1:56:52'}}}



05-Sep-22 20:51:16 - <class 'KeyError'>-'authorName' item:{'liveChatTextMessageRenderer': {'message': {'runs': [{'text': 'love u girl!!'}]}, 'authorPhoto': {'thumbnails': [{'url': 'https://yt4.ggpht.com/7DcgJ4As5yaM6EBB8FcqvY5JbfrQwKL47S8-C__2GxHktUP12fGg6FVl92P5vEAYHZssES-0=s32-c-k-c0x00ffffff-no-rj', 'width': 32, 'height': 32}, {'url': 'https://yt4.ggpht.com/7DcgJ4As5yaM6EBB8FcqvY5JbfrQwKL47S8-C__2GxHktUP12fGg6FVl92P5vEAYHZssES-0=s64-c-k-c0x00ffffff-no-rj', 'width': 64, 'height': 64}]}, 'contextMenuEndpoint': {'commandMetadata': {'webCommandMetadata': {'ignoreNavigation': True}}, 'liveChatItemContextMenuEndpoint': {'params': 'Q2tjS1JRb2FRMDVUYW5CTWJVWnJMVFJEUm1OTVozZFJiMlJXT0UxSlVtY1NKME5LVjJGbmNrZEdheTAwUTBaVlIwVnNVVWxrU1VOalQyOW5NVFl4TURNek9UTXlNREl3TmhvNEdnMEtDekYyYVc5MVdITjNVMUpCS2ljS0dGVkRiMU55V1Y5SlVWRldjRzFKVWxvNVdHWXRlVGt6WnhJTE1YWnBiM1ZZYzNkVFVrRWdBU2dFTWhvS0dGVkRiamhwVm5Od2JWVklXWFZvZVV4blYwcDBPVTlMVVRnQ1NBRlFBUSUzRCUzRA=='}}, 'id': 'CkUKGkNOU2pwTG1Gay00Q0ZjTGd3UW9kVjhNSVJnEidDSldhZ3JHRmstNENGVUdFbFFJZElDY09vZzE2MTAzMzkzMjAyMDY%3D', 'timestampUsec': '1610339320402438', 'authorExternalChannelId': 'UCn8iVspmUHYuhyLgWJt9OKQ', 'contextMenuAccessibility': {'accessibilityData': {'label': 'Chat actions'}}, 'timestampText': {'simpleText': '1:56:52'}}}



05-Sep-22 20:54:14 - <class 'KeyError'>-'authorName' item:{'liveChatTextMessageRenderer': {'message': {'runs': [{'text': 'love u girl!!'}]}, 'authorPhoto': {'thumbnails': [{'url': 'https://yt4.ggpht.com/7DcgJ4As5yaM6EBB8FcqvY5JbfrQwKL47S8-C__2GxHktUP12fGg6FVl92P5vEAYHZssES-0=s32-c-k-c0x00ffffff-no-rj', 'width': 32, 'height': 32}, {'url': 'https://yt4.ggpht.com/7DcgJ4As5yaM6EBB8FcqvY5JbfrQwKL47S8-C__2GxHktUP12fGg6FVl92P5vEAYHZssES-0=s64-c-k-c0x00ffffff-no-rj', 'width': 64, 'height': 64}]}, 'contextMenuEndpoint': {'commandMetadata': {'webCommandMetadata': {'ignoreNavigation': True}}, 'liveChatItemContextMenuEndpoint': {'params': 'Q2tjS1JRb2FRMDVUYW5CTWJVWnJMVFJEUm1OTVozZFJiMlJXT0UxSlVtY1NKME5LVjJGbmNrZEdheTAwUTBaVlIwVnNVVWxrU1VOalQyOW5NVFl4TURNek9UTXlNREl3TmhvNEdnMEtDekYyYVc5MVdITjNVMUpCS2ljS0dGVkRiMU55V1Y5SlVWRldjRzFKVWxvNVdHWXRlVGt6WnhJTE1YWnBiM1ZZYzNkVFVrRWdBU2dFTWhvS0dGVkRiamhwVm5Od2JWVklXWFZvZVV4blYwcDBPVTlMVVRnQ1NBRlFBUSUzRCUzRA=='}}, 'id': 'CkUKGkNOU2pwTG1Gay00Q0ZjTGd3UW9kVjhNSVJnEidDSldhZ3JHRmstNENGVUdFbFFJZElDY09vZzE2MTAzMzkzMjAyMDY%3D', 'timestampUsec': '1610339320402438', 'authorExternalChannelId': 'UCn8iVspmUHYuhyLgWJt9OKQ', 'contextMenuAccessibility': {'accessibilityData': {'label': 'Chat actions'}}, 'timestampText': {'simpleText': '1:56:52'}}}



05-Sep-22 20:55:08 - <class 'KeyError'>-'authorName' item:{'liveChatTextMessageRenderer': {'message': {'runs': [{'text': 'love u girl!!'}]}, 'authorPhoto': {'thumbnails': [{'url': 'https://yt4.ggpht.com/7DcgJ4As5yaM6EBB8FcqvY5JbfrQwKL47S8-C__2GxHktUP12fGg6FVl92P5vEAYHZssES-0=s32-c-k-c0x00ffffff-no-rj', 'width': 32, 'height': 32}, {'url': 'https://yt4.ggpht.com/7DcgJ4As5yaM6EBB8FcqvY5JbfrQwKL47S8-C__2GxHktUP12fGg6FVl92P5vEAYHZssES-0=s64-c-k-c0x00ffffff-no-rj', 'width': 64, 'height': 64}]}, 'contextMenuEndpoint': {'commandMetadata': {'webCommandMetadata': {'ignoreNavigation': True}}, 'liveChatItemContextMenuEndpoint': {'params': 'Q2tjS1JRb2FRMDVUYW5CTWJVWnJMVFJEUm1OTVozZFJiMlJXT0UxSlVtY1NKME5LVjJGbmNrZEdheTAwUTBaVlIwVnNVVWxrU1VOalQyOW5NVFl4TURNek9UTXlNREl3TmhvNEdnMEtDekYyYVc5MVdITjNVMUpCS2ljS0dGVkRiMU55V1Y5SlVWRldjRzFKVWxvNVdHWXRlVGt6WnhJTE1YWnBiM1ZZYzNkVFVrRWdBU2dFTWhvS0dGVkRiamhwVm5Od2JWVklXWFZvZVV4blYwcDBPVTlMVVRnQ1NBRlFBUSUzRCUzRA=='}}, 'id': 'CkUKGkNOU2pwTG1Gay00Q0ZjTGd3UW9kVjhNSVJnEidDSldhZ3JHRmstNENGVUdFbFFJZElDY09vZzE2MTAzMzkzMjAyMDY%3D', 'timestampUsec': '1610339320402438', 'authorExternalChannelId': 'UCn8iVspmUHYuhyLgWJt9OKQ', 'contextMenuAccessibility': {'accessibilityData': {'label': 'Chat actions'}}, 'timestampText': {'simpleText': '1:56:52'}}}



05-Sep-22 20:56:06 - <class 'KeyError'>-'authorName' item:{'liveChatTextMessageRenderer': {'message': {'runs': [{'text': 'love u girl!!'}]}, 'authorPhoto': {'thumbnails': [{'url': 'https://yt4.ggpht.com/7DcgJ4As5yaM6EBB8FcqvY5JbfrQwKL47S8-C__2GxHktUP12fGg6FVl92P5vEAYHZssES-0=s32-c-k-c0x00ffffff-no-rj', 'width': 32, 'height': 32}, {'url': 'https://yt4.ggpht.com/7DcgJ4As5yaM6EBB8FcqvY5JbfrQwKL47S8-C__2GxHktUP12fGg6FVl92P5vEAYHZssES-0=s64-c-k-c0x00ffffff-no-rj', 'width': 64, 'height': 64}]}, 'contextMenuEndpoint': {'commandMetadata': {'webCommandMetadata': {'ignoreNavigation': True}}, 'liveChatItemContextMenuEndpoint': {'params': 'Q2tjS1JRb2FRMDVUYW5CTWJVWnJMVFJEUm1OTVozZFJiMlJXT0UxSlVtY1NKME5LVjJGbmNrZEdheTAwUTBaVlIwVnNVVWxrU1VOalQyOW5NVFl4TURNek9UTXlNREl3TmhvNEdnMEtDekYyYVc5MVdITjNVMUpCS2ljS0dGVkRiMU55V1Y5SlVWRldjRzFKVWxvNVdHWXRlVGt6WnhJTE1YWnBiM1ZZYzNkVFVrRWdBU2dFTWhvS0dGVkRiamhwVm5Od2JWVklXWFZvZVV4blYwcDBPVTlMVVRnQ1NBRlFBUSUzRCUzRA=='}}, 'id': 'CkUKGkNOU2pwTG1Gay00Q0ZjTGd3UW9kVjhNSVJnEidDSldhZ3JHRmstNENGVUdFbFFJZElDY09vZzE2MTAzMzkzMjAyMDY%3D', 'timestampUsec': '1610339320402438', 'authorExternalChannelId': 'UCn8iVspmUHYuhyLgWJt9OKQ', 'contextMenuAccessibility': {'accessibilityData': {'label': 'Chat actions'}}, 'timestampText': {'simpleText': '1:56:52'}}}



05-Sep-22 20:56:59 - <class 'KeyError'>-'authorName' item:{'liveChatTextMessageRenderer': {'message': {'runs': [{'text': 'love u girl!!'}]}, 'authorPhoto': {'thumbnails': [{'url': 'https://yt4.ggpht.com/7DcgJ4As5yaM6EBB8FcqvY5JbfrQwKL47S8-C__2GxHktUP12fGg6FVl92P5vEAYHZssES-0=s32-c-k-c0x00ffffff-no-rj', 'width': 32, 'height': 32}, {'url': 'https://yt4.ggpht.com/7DcgJ4As5yaM6EBB8FcqvY5JbfrQwKL47S8-C__2GxHktUP12fGg6FVl92P5vEAYHZssES-0=s64-c-k-c0x00ffffff-no-rj', 'width': 64, 'height': 64}]}, 'contextMenuEndpoint': {'commandMetadata': {'webCommandMetadata': {'ignoreNavigation': True}}, 'liveChatItemContextMenuEndpoint': {'params': 'Q2tjS1JRb2FRMDVUYW5CTWJVWnJMVFJEUm1OTVozZFJiMlJXT0UxSlVtY1NKME5LVjJGbmNrZEdheTAwUTBaVlIwVnNVVWxrU1VOalQyOW5NVFl4TURNek9UTXlNREl3TmhvNEdnMEtDekYyYVc5MVdITjNVMUpCS2ljS0dGVkRiMU55V1Y5SlVWRldjRzFKVWxvNVdHWXRlVGt6WnhJTE1YWnBiM1ZZYzNkVFVrRWdBU2dFTWhvS0dGVkRiamhwVm5Od2JWVklXWFZvZVV4blYwcDBPVTlMVVRnQ1NBRlFBUSUzRCUzRA=='}}, 'id': 'CkUKGkNOU2pwTG1Gay00Q0ZjTGd3UW9kVjhNSVJnEidDSldhZ3JHRmstNENGVUdFbFFJZElDY09vZzE2MTAzMzkzMjAyMDY%3D', 'timestampUsec': '1610339320402438', 'authorExternalChannelId': 'UCn8iVspmUHYuhyLgWJt9OKQ', 'contextMenuAccessibility': {'accessibilityData': {'label': 'Chat actions'}}, 'timestampText': {'simpleText': '1:56:52'}}}



05-Sep-22 20:57:56 - <class 'KeyError'>-'authorName' item:{'liveChatTextMessageRenderer': {'message': {'runs': [{'text': 'love u girl!!'}]}, 'authorPhoto': {'thumbnails': [{'url': 'https://yt4.ggpht.com/7DcgJ4As5yaM6EBB8FcqvY5JbfrQwKL47S8-C__2GxHktUP12fGg6FVl92P5vEAYHZssES-0=s32-c-k-c0x00ffffff-no-rj', 'width': 32, 'height': 32}, {'url': 'https://yt4.ggpht.com/7DcgJ4As5yaM6EBB8FcqvY5JbfrQwKL47S8-C__2GxHktUP12fGg6FVl92P5vEAYHZssES-0=s64-c-k-c0x00ffffff-no-rj', 'width': 64, 'height': 64}]}, 'contextMenuEndpoint': {'commandMetadata': {'webCommandMetadata': {'ignoreNavigation': True}}, 'liveChatItemContextMenuEndpoint': {'params': 'Q2tjS1JRb2FRMDVUYW5CTWJVWnJMVFJEUm1OTVozZFJiMlJXT0UxSlVtY1NKME5LVjJGbmNrZEdheTAwUTBaVlIwVnNVVWxrU1VOalQyOW5NVFl4TURNek9UTXlNREl3TmhvNEdnMEtDekYyYVc5MVdITjNVMUpCS2ljS0dGVkRiMU55V1Y5SlVWRldjRzFKVWxvNVdHWXRlVGt6WnhJTE1YWnBiM1ZZYzNkVFVrRWdBU2dFTWhvS0dGVkRiamhwVm5Od2JWVklXWFZvZVV4blYwcDBPVTlMVVRnQ1NBRlFBUSUzRCUzRA=='}}, 'id': 'CkUKGkNOU2pwTG1Gay00Q0ZjTGd3UW9kVjhNSVJnEidDSldhZ3JHRmstNENGVUdFbFFJZElDY09vZzE2MTAzMzkzMjAyMDY%3D', 'timestampUsec': '1610339320402438', 'authorExternalChannelId': 'UCn8iVspmUHYuhyLgWJt9OKQ', 'contextMenuAccessibility': {'accessibilityData': {'label': 'Chat actions'}}, 'timestampText': {'simpleText': '1:56:52'}}}



05-Sep-22 20:58:56 - <class 'KeyError'>-'authorName' item:{'liveChatTextMessageRenderer': {'message': {'runs': [{'text': 'love u girl!!'}]}, 'authorPhoto': {'thumbnails': [{'url': 'https://yt4.ggpht.com/7DcgJ4As5yaM6EBB8FcqvY5JbfrQwKL47S8-C__2GxHktUP12fGg6FVl92P5vEAYHZssES-0=s32-c-k-c0x00ffffff-no-rj', 'width': 32, 'height': 32}, {'url': 'https://yt4.ggpht.com/7DcgJ4As5yaM6EBB8FcqvY5JbfrQwKL47S8-C__2GxHktUP12fGg6FVl92P5vEAYHZssES-0=s64-c-k-c0x00ffffff-no-rj', 'width': 64, 'height': 64}]}, 'contextMenuEndpoint': {'commandMetadata': {'webCommandMetadata': {'ignoreNavigation': True}}, 'liveChatItemContextMenuEndpoint': {'params': 'Q2tjS1JRb2FRMDVUYW5CTWJVWnJMVFJEUm1OTVozZFJiMlJXT0UxSlVtY1NKME5LVjJGbmNrZEdheTAwUTBaVlIwVnNVVWxrU1VOalQyOW5NVFl4TURNek9UTXlNREl3TmhvNEdnMEtDekYyYVc5MVdITjNVMUpCS2ljS0dGVkRiMU55V1Y5SlVWRldjRzFKVWxvNVdHWXRlVGt6WnhJTE1YWnBiM1ZZYzNkVFVrRWdBU2dFTWhvS0dGVkRiamhwVm5Od2JWVklXWFZvZVV4blYwcDBPVTlMVVRnQ1NBRlFBUSUzRCUzRA=='}}, 'id': 'CkUKGkNOU2pwTG1Gay00Q0ZjTGd3UW9kVjhNSVJnEidDSldhZ3JHRmstNENGVUdFbFFJZElDY09vZzE2MTAzMzkzMjAyMDY%3D', 'timestampUsec': '1610339320402438', 'authorExternalChannelId': 'UCn8iVspmUHYuhyLgWJt9OKQ', 'contextMenuAccessibility': {'accessibilityData': {'label': 'Chat actions'}}, 'timestampText': {'simpleText': '1:56:52'}}}



05-Sep-22 20:59:52 - <class 'KeyError'>-'authorName' item:{'liveChatTextMessageRenderer': {'message': {'runs': [{'text': 'love u girl!!'}]}, 'authorPhoto': {'thumbnails': [{'url': 'https://yt4.ggpht.com/7DcgJ4As5yaM6EBB8FcqvY5JbfrQwKL47S8-C__2GxHktUP12fGg6FVl92P5vEAYHZssES-0=s32-c-k-c0x00ffffff-no-rj', 'width': 32, 'height': 32}, {'url': 'https://yt4.ggpht.com/7DcgJ4As5yaM6EBB8FcqvY5JbfrQwKL47S8-C__2GxHktUP12fGg6FVl92P5vEAYHZssES-0=s64-c-k-c0x00ffffff-no-rj', 'width': 64, 'height': 64}]}, 'contextMenuEndpoint': {'commandMetadata': {'webCommandMetadata': {'ignoreNavigation': True}}, 'liveChatItemContextMenuEndpoint': {'params': 'Q2tjS1JRb2FRMDVUYW5CTWJVWnJMVFJEUm1OTVozZFJiMlJXT0UxSlVtY1NKME5LVjJGbmNrZEdheTAwUTBaVlIwVnNVVWxrU1VOalQyOW5NVFl4TURNek9UTXlNREl3TmhvNEdnMEtDekYyYVc5MVdITjNVMUpCS2ljS0dGVkRiMU55V1Y5SlVWRldjRzFKVWxvNVdHWXRlVGt6WnhJTE1YWnBiM1ZZYzNkVFVrRWdBU2dFTWhvS0dGVkRiamhwVm5Od2JWVklXWFZvZVV4blYwcDBPVTlMVVRnQ1NBRlFBUSUzRCUzRA=='}}, 'id': 'CkUKGkNOU2pwTG1Gay00Q0ZjTGd3UW9kVjhNSVJnEidDSldhZ3JHRmstNENGVUdFbFFJZElDY09vZzE2MTAzMzkzMjAyMDY%3D', 'timestampUsec': '1610339320402438', 'authorExternalChannelId': 'UCn8iVspmUHYuhyLgWJt9OKQ', 'contextMenuAccessibility': {'accessibilityData': {'label': 'Chat actions'}}, 'timestampText': {'simpleText': '1:56:52'}}}



05-Sep-22 21:00:46 - <class 'KeyError'>-'authorName' item:{'liveChatTextMessageRenderer': {'message': {'runs': [{'text': 'love u girl!!'}]}, 'authorPhoto': {'thumbnails': [{'url': 'https://yt4.ggpht.com/7DcgJ4As5yaM6EBB8FcqvY5JbfrQwKL47S8-C__2GxHktUP12fGg6FVl92P5vEAYHZssES-0=s32-c-k-c0x00ffffff-no-rj', 'width': 32, 'height': 32}, {'url': 'https://yt4.ggpht.com/7DcgJ4As5yaM6EBB8FcqvY5JbfrQwKL47S8-C__2GxHktUP12fGg6FVl92P5vEAYHZssES-0=s64-c-k-c0x00ffffff-no-rj', 'width': 64, 'height': 64}]}, 'contextMenuEndpoint': {'commandMetadata': {'webCommandMetadata': {'ignoreNavigation': True}}, 'liveChatItemContextMenuEndpoint': {'params': 'Q2tjS1JRb2FRMDVUYW5CTWJVWnJMVFJEUm1OTVozZFJiMlJXT0UxSlVtY1NKME5LVjJGbmNrZEdheTAwUTBaVlIwVnNVVWxrU1VOalQyOW5NVFl4TURNek9UTXlNREl3TmhvNEdnMEtDekYyYVc5MVdITjNVMUpCS2ljS0dGVkRiMU55V1Y5SlVWRldjRzFKVWxvNVdHWXRlVGt6WnhJTE1YWnBiM1ZZYzNkVFVrRWdBU2dFTWhvS0dGVkRiamhwVm5Od2JWVklXWFZvZVV4blYwcDBPVTlMVVRnQ1NBRlFBUSUzRCUzRA=='}}, 'id': 'CkUKGkNOU2pwTG1Gay00Q0ZjTGd3UW9kVjhNSVJnEidDSldhZ3JHRmstNENGVUdFbFFJZElDY09vZzE2MTAzMzkzMjAyMDY%3D', 'timestampUsec': '1610339320402438', 'authorExternalChannelId': 'UCn8iVspmUHYuhyLgWJt9OKQ', 'contextMenuAccessibility': {'accessibilityData': {'label': 'Chat actions'}}, 'timestampText': {'simpleText': '1:56:52'}}}



05-Sep-22 21:01:41 - <class 'KeyError'>-'authorName' item:{'liveChatTextMessageRenderer': {'message': {'runs': [{'text': 'love u girl!!'}]}, 'authorPhoto': {'thumbnails': [{'url': 'https://yt4.ggpht.com/7DcgJ4As5yaM6EBB8FcqvY5JbfrQwKL47S8-C__2GxHktUP12fGg6FVl92P5vEAYHZssES-0=s32-c-k-c0x00ffffff-no-rj', 'width': 32, 'height': 32}, {'url': 'https://yt4.ggpht.com/7DcgJ4As5yaM6EBB8FcqvY5JbfrQwKL47S8-C__2GxHktUP12fGg6FVl92P5vEAYHZssES-0=s64-c-k-c0x00ffffff-no-rj', 'width': 64, 'height': 64}]}, 'contextMenuEndpoint': {'commandMetadata': {'webCommandMetadata': {'ignoreNavigation': True}}, 'liveChatItemContextMenuEndpoint': {'params': 'Q2tjS1JRb2FRMDVUYW5CTWJVWnJMVFJEUm1OTVozZFJiMlJXT0UxSlVtY1NKME5LVjJGbmNrZEdheTAwUTBaVlIwVnNVVWxrU1VOalQyOW5NVFl4TURNek9UTXlNREl3TmhvNEdnMEtDekYyYVc5MVdITjNVMUpCS2ljS0dGVkRiMU55V1Y5SlVWRldjRzFKVWxvNVdHWXRlVGt6WnhJTE1YWnBiM1ZZYzNkVFVrRWdBU2dFTWhvS0dGVkRiamhwVm5Od2JWVklXWFZvZVV4blYwcDBPVTlMVVRnQ1NBRlFBUSUzRCUzRA=='}}, 'id': 'CkUKGkNOU2pwTG1Gay00Q0ZjTGd3UW9kVjhNSVJnEidDSldhZ3JHRmstNENGVUdFbFFJZElDY09vZzE2MTAzMzkzMjAyMDY%3D', 'timestampUsec': '1610339320402438', 'authorExternalChannelId': 'UCn8iVspmUHYuhyLgWJt9OKQ', 'contextMenuAccessibility': {'accessibilityData': {'label': 'Chat actions'}}, 'timestampText': {'simpleText': '1:56:52'}}}



05-Sep-22 21:02:35 - <class 'KeyError'>-'authorName' item:{'liveChatTextMessageRenderer': {'message': {'runs': [{'text': 'love u girl!!'}]}, 'authorPhoto': {'thumbnails': [{'url': 'https://yt4.ggpht.com/7DcgJ4As5yaM6EBB8FcqvY5JbfrQwKL47S8-C__2GxHktUP12fGg6FVl92P5vEAYHZssES-0=s32-c-k-c0x00ffffff-no-rj', 'width': 32, 'height': 32}, {'url': 'https://yt4.ggpht.com/7DcgJ4As5yaM6EBB8FcqvY5JbfrQwKL47S8-C__2GxHktUP12fGg6FVl92P5vEAYHZssES-0=s64-c-k-c0x00ffffff-no-rj', 'width': 64, 'height': 64}]}, 'contextMenuEndpoint': {'commandMetadata': {'webCommandMetadata': {'ignoreNavigation': True}}, 'liveChatItemContextMenuEndpoint': {'params': 'Q2tjS1JRb2FRMDVUYW5CTWJVWnJMVFJEUm1OTVozZFJiMlJXT0UxSlVtY1NKME5LVjJGbmNrZEdheTAwUTBaVlIwVnNVVWxrU1VOalQyOW5NVFl4TURNek9UTXlNREl3TmhvNEdnMEtDekYyYVc5MVdITjNVMUpCS2ljS0dGVkRiMU55V1Y5SlVWRldjRzFKVWxvNVdHWXRlVGt6WnhJTE1YWnBiM1ZZYzNkVFVrRWdBU2dFTWhvS0dGVkRiamhwVm5Od2JWVklXWFZvZVV4blYwcDBPVTlMVVRnQ1NBRlFBUSUzRCUzRA=='}}, 'id': 'CkUKGkNOU2pwTG1Gay00Q0ZjTGd3UW9kVjhNSVJnEidDSldhZ3JHRmstNENGVUdFbFFJZElDY09vZzE2MTAzMzkzMjAyMDY%3D', 'timestampUsec': '1610339320402438', 'authorExternalChannelId': 'UCn8iVspmUHYuhyLgWJt9OKQ', 'contextMenuAccessibility': {'accessibilityData': {'label': 'Chat actions'}}, 'timestampText': {'simpleText': '1:56:52'}}}



05-Sep-22 21:03:29 - <class 'KeyError'>-'authorName' item:{'liveChatTextMessageRenderer': {'message': {'runs': [{'text': 'love u girl!!'}]}, 'authorPhoto': {'thumbnails': [{'url': 'https://yt4.ggpht.com/7DcgJ4As5yaM6EBB8FcqvY5JbfrQwKL47S8-C__2GxHktUP12fGg6FVl92P5vEAYHZssES-0=s32-c-k-c0x00ffffff-no-rj', 'width': 32, 'height': 32}, {'url': 'https://yt4.ggpht.com/7DcgJ4As5yaM6EBB8FcqvY5JbfrQwKL47S8-C__2GxHktUP12fGg6FVl92P5vEAYHZssES-0=s64-c-k-c0x00ffffff-no-rj', 'width': 64, 'height': 64}]}, 'contextMenuEndpoint': {'commandMetadata': {'webCommandMetadata': {'ignoreNavigation': True}}, 'liveChatItemContextMenuEndpoint': {'params': 'Q2tjS1JRb2FRMDVUYW5CTWJVWnJMVFJEUm1OTVozZFJiMlJXT0UxSlVtY1NKME5LVjJGbmNrZEdheTAwUTBaVlIwVnNVVWxrU1VOalQyOW5NVFl4TURNek9UTXlNREl3TmhvNEdnMEtDekYyYVc5MVdITjNVMUpCS2ljS0dGVkRiMU55V1Y5SlVWRldjRzFKVWxvNVdHWXRlVGt6WnhJTE1YWnBiM1ZZYzNkVFVrRWdBU2dFTWhvS0dGVkRiamhwVm5Od2JWVklXWFZvZVV4blYwcDBPVTlMVVRnQ1NBRlFBUSUzRCUzRA=='}}, 'id': 'CkUKGkNOU2pwTG1Gay00Q0ZjTGd3UW9kVjhNSVJnEidDSldhZ3JHRmstNENGVUdFbFFJZElDY09vZzE2MTAzMzkzMjAyMDY%3D', 'timestampUsec': '1610339320402438', 'authorExternalChannelId': 'UCn8iVspmUHYuhyLgWJt9OKQ', 'contextMenuAccessibility': {'accessibilityData': {'label': 'Chat actions'}}, 'timestampText': {'simpleText': '1:56:52'}}}



05-Sep-22 21:04:36 - <class 'KeyError'>-'authorName' item:{'liveChatTextMessageRenderer': {'message': {'runs': [{'text': 'love u girl!!'}]}, 'authorPhoto': {'thumbnails': [{'url': 'https://yt4.ggpht.com/7DcgJ4As5yaM6EBB8FcqvY5JbfrQwKL47S8-C__2GxHktUP12fGg6FVl92P5vEAYHZssES-0=s32-c-k-c0x00ffffff-no-rj', 'width': 32, 'height': 32}, {'url': 'https://yt4.ggpht.com/7DcgJ4As5yaM6EBB8FcqvY5JbfrQwKL47S8-C__2GxHktUP12fGg6FVl92P5vEAYHZssES-0=s64-c-k-c0x00ffffff-no-rj', 'width': 64, 'height': 64}]}, 'contextMenuEndpoint': {'commandMetadata': {'webCommandMetadata': {'ignoreNavigation': True}}, 'liveChatItemContextMenuEndpoint': {'params': 'Q2tjS1JRb2FRMDVUYW5CTWJVWnJMVFJEUm1OTVozZFJiMlJXT0UxSlVtY1NKME5LVjJGbmNrZEdheTAwUTBaVlIwVnNVVWxrU1VOalQyOW5NVFl4TURNek9UTXlNREl3TmhvNEdnMEtDekYyYVc5MVdITjNVMUpCS2ljS0dGVkRiMU55V1Y5SlVWRldjRzFKVWxvNVdHWXRlVGt6WnhJTE1YWnBiM1ZZYzNkVFVrRWdBU2dFTWhvS0dGVkRiamhwVm5Od2JWVklXWFZvZVV4blYwcDBPVTlMVVRnQ1NBRlFBUSUzRCUzRA=='}}, 'id': 'CkUKGkNOU2pwTG1Gay00Q0ZjTGd3UW9kVjhNSVJnEidDSldhZ3JHRmstNENGVUdFbFFJZElDY09vZzE2MTAzMzkzMjAyMDY%3D', 'timestampUsec': '1610339320402438', 'authorExternalChannelId': 'UCn8iVspmUHYuhyLgWJt9OKQ', 'contextMenuAccessibility': {'accessibilityData': {'label': 'Chat actions'}}, 'timestampText': {'simpleText': '1:56:52'}}}



05-Sep-22 21:05:30 - <class 'KeyError'>-'authorName' item:{'liveChatTextMessageRenderer': {'message': {'runs': [{'text': 'love u girl!!'}]}, 'authorPhoto': {'thumbnails': [{'url': 'https://yt4.ggpht.com/7DcgJ4As5yaM6EBB8FcqvY5JbfrQwKL47S8-C__2GxHktUP12fGg6FVl92P5vEAYHZssES-0=s32-c-k-c0x00ffffff-no-rj', 'width': 32, 'height': 32}, {'url': 'https://yt4.ggpht.com/7DcgJ4As5yaM6EBB8FcqvY5JbfrQwKL47S8-C__2GxHktUP12fGg6FVl92P5vEAYHZssES-0=s64-c-k-c0x00ffffff-no-rj', 'width': 64, 'height': 64}]}, 'contextMenuEndpoint': {'commandMetadata': {'webCommandMetadata': {'ignoreNavigation': True}}, 'liveChatItemContextMenuEndpoint': {'params': 'Q2tjS1JRb2FRMDVUYW5CTWJVWnJMVFJEUm1OTVozZFJiMlJXT0UxSlVtY1NKME5LVjJGbmNrZEdheTAwUTBaVlIwVnNVVWxrU1VOalQyOW5NVFl4TURNek9UTXlNREl3TmhvNEdnMEtDekYyYVc5MVdITjNVMUpCS2ljS0dGVkRiMU55V1Y5SlVWRldjRzFKVWxvNVdHWXRlVGt6WnhJTE1YWnBiM1ZZYzNkVFVrRWdBU2dFTWhvS0dGVkRiamhwVm5Od2JWVklXWFZvZVV4blYwcDBPVTlMVVRnQ1NBRlFBUSUzRCUzRA=='}}, 'id': 'CkUKGkNOU2pwTG1Gay00Q0ZjTGd3UW9kVjhNSVJnEidDSldhZ3JHRmstNENGVUdFbFFJZElDY09vZzE2MTAzMzkzMjAyMDY%3D', 'timestampUsec': '1610339320402438', 'authorExternalChannelId': 'UCn8iVspmUHYuhyLgWJt9OKQ', 'contextMenuAccessibility': {'accessibilityData': {'label': 'Chat actions'}}, 'timestampText': {'simpleText': '1:56:52'}}}



05-Sep-22 21:06:24 - <class 'KeyError'>-'authorName' item:{'liveChatTextMessageRenderer': {'message': {'runs': [{'text': 'love u girl!!'}]}, 'authorPhoto': {'thumbnails': [{'url': 'https://yt4.ggpht.com/7DcgJ4As5yaM6EBB8FcqvY5JbfrQwKL47S8-C__2GxHktUP12fGg6FVl92P5vEAYHZssES-0=s32-c-k-c0x00ffffff-no-rj', 'width': 32, 'height': 32}, {'url': 'https://yt4.ggpht.com/7DcgJ4As5yaM6EBB8FcqvY5JbfrQwKL47S8-C__2GxHktUP12fGg6FVl92P5vEAYHZssES-0=s64-c-k-c0x00ffffff-no-rj', 'width': 64, 'height': 64}]}, 'contextMenuEndpoint': {'commandMetadata': {'webCommandMetadata': {'ignoreNavigation': True}}, 'liveChatItemContextMenuEndpoint': {'params': 'Q2tjS1JRb2FRMDVUYW5CTWJVWnJMVFJEUm1OTVozZFJiMlJXT0UxSlVtY1NKME5LVjJGbmNrZEdheTAwUTBaVlIwVnNVVWxrU1VOalQyOW5NVFl4TURNek9UTXlNREl3TmhvNEdnMEtDekYyYVc5MVdITjNVMUpCS2ljS0dGVkRiMU55V1Y5SlVWRldjRzFKVWxvNVdHWXRlVGt6WnhJTE1YWnBiM1ZZYzNkVFVrRWdBU2dFTWhvS0dGVkRiamhwVm5Od2JWVklXWFZvZVV4blYwcDBPVTlMVVRnQ1NBRlFBUSUzRCUzRA=='}}, 'id': 'CkUKGkNOU2pwTG1Gay00Q0ZjTGd3UW9kVjhNSVJnEidDSldhZ3JHRmstNENGVUdFbFFJZElDY09vZzE2MTAzMzkzMjAyMDY%3D', 'timestampUsec': '1610339320402438', 'authorExternalChannelId': 'UCn8iVspmUHYuhyLgWJt9OKQ', 'contextMenuAccessibility': {'accessibilityData': {'label': 'Chat actions'}}, 'timestampText': {'simpleText': '1:56:52'}}}



05-Sep-22 21:07:26 - <class 'KeyError'>-'authorName' item:{'liveChatTextMessageRenderer': {'message': {'runs': [{'text': 'love u girl!!'}]}, 'authorPhoto': {'thumbnails': [{'url': 'https://yt4.ggpht.com/7DcgJ4As5yaM6EBB8FcqvY5JbfrQwKL47S8-C__2GxHktUP12fGg6FVl92P5vEAYHZssES-0=s32-c-k-c0x00ffffff-no-rj', 'width': 32, 'height': 32}, {'url': 'https://yt4.ggpht.com/7DcgJ4As5yaM6EBB8FcqvY5JbfrQwKL47S8-C__2GxHktUP12fGg6FVl92P5vEAYHZssES-0=s64-c-k-c0x00ffffff-no-rj', 'width': 64, 'height': 64}]}, 'contextMenuEndpoint': {'commandMetadata': {'webCommandMetadata': {'ignoreNavigation': True}}, 'liveChatItemContextMenuEndpoint': {'params': 'Q2tjS1JRb2FRMDVUYW5CTWJVWnJMVFJEUm1OTVozZFJiMlJXT0UxSlVtY1NKME5LVjJGbmNrZEdheTAwUTBaVlIwVnNVVWxrU1VOalQyOW5NVFl4TURNek9UTXlNREl3TmhvNEdnMEtDekYyYVc5MVdITjNVMUpCS2ljS0dGVkRiMU55V1Y5SlVWRldjRzFKVWxvNVdHWXRlVGt6WnhJTE1YWnBiM1ZZYzNkVFVrRWdBU2dFTWhvS0dGVkRiamhwVm5Od2JWVklXWFZvZVV4blYwcDBPVTlMVVRnQ1NBRlFBUSUzRCUzRA=='}}, 'id': 'CkUKGkNOU2pwTG1Gay00Q0ZjTGd3UW9kVjhNSVJnEidDSldhZ3JHRmstNENGVUdFbFFJZElDY09vZzE2MTAzMzkzMjAyMDY%3D', 'timestampUsec': '1610339320402438', 'authorExternalChannelId': 'UCn8iVspmUHYuhyLgWJt9OKQ', 'contextMenuAccessibility': {'accessibilityData': {'label': 'Chat actions'}}, 'timestampText': {'simpleText': '1:56:52'}}}



05-Sep-22 21:08:24 - <class 'KeyError'>-'authorName' item:{'liveChatTextMessageRenderer': {'message': {'runs': [{'text': 'love u girl!!'}]}, 'authorPhoto': {'thumbnails': [{'url': 'https://yt4.ggpht.com/7DcgJ4As5yaM6EBB8FcqvY5JbfrQwKL47S8-C__2GxHktUP12fGg6FVl92P5vEAYHZssES-0=s32-c-k-c0x00ffffff-no-rj', 'width': 32, 'height': 32}, {'url': 'https://yt4.ggpht.com/7DcgJ4As5yaM6EBB8FcqvY5JbfrQwKL47S8-C__2GxHktUP12fGg6FVl92P5vEAYHZssES-0=s64-c-k-c0x00ffffff-no-rj', 'width': 64, 'height': 64}]}, 'contextMenuEndpoint': {'commandMetadata': {'webCommandMetadata': {'ignoreNavigation': True}}, 'liveChatItemContextMenuEndpoint': {'params': 'Q2tjS1JRb2FRMDVUYW5CTWJVWnJMVFJEUm1OTVozZFJiMlJXT0UxSlVtY1NKME5LVjJGbmNrZEdheTAwUTBaVlIwVnNVVWxrU1VOalQyOW5NVFl4TURNek9UTXlNREl3TmhvNEdnMEtDekYyYVc5MVdITjNVMUpCS2ljS0dGVkRiMU55V1Y5SlVWRldjRzFKVWxvNVdHWXRlVGt6WnhJTE1YWnBiM1ZZYzNkVFVrRWdBU2dFTWhvS0dGVkRiamhwVm5Od2JWVklXWFZvZVV4blYwcDBPVTlMVVRnQ1NBRlFBUSUzRCUzRA=='}}, 'id': 'CkUKGkNOU2pwTG1Gay00Q0ZjTGd3UW9kVjhNSVJnEidDSldhZ3JHRmstNENGVUdFbFFJZElDY09vZzE2MTAzMzkzMjAyMDY%3D', 'timestampUsec': '1610339320402438', 'authorExternalChannelId': 'UCn8iVspmUHYuhyLgWJt9OKQ', 'contextMenuAccessibility': {'accessibilityData': {'label': 'Chat actions'}}, 'timestampText': {'simpleText': '1:56:52'}}}



05-Sep-22 21:10:06 - <class 'KeyError'>-'authorName' item:{'liveChatTextMessageRenderer': {'message': {'runs': [{'text': 'love u girl!!'}]}, 'authorPhoto': {'thumbnails': [{'url': 'https://yt4.ggpht.com/7DcgJ4As5yaM6EBB8FcqvY5JbfrQwKL47S8-C__2GxHktUP12fGg6FVl92P5vEAYHZssES-0=s32-c-k-c0x00ffffff-no-rj', 'width': 32, 'height': 32}, {'url': 'https://yt4.ggpht.com/7DcgJ4As5yaM6EBB8FcqvY5JbfrQwKL47S8-C__2GxHktUP12fGg6FVl92P5vEAYHZssES-0=s64-c-k-c0x00ffffff-no-rj', 'width': 64, 'height': 64}]}, 'contextMenuEndpoint': {'commandMetadata': {'webCommandMetadata': {'ignoreNavigation': True}}, 'liveChatItemContextMenuEndpoint': {'params': 'Q2tjS1JRb2FRMDVUYW5CTWJVWnJMVFJEUm1OTVozZFJiMlJXT0UxSlVtY1NKME5LVjJGbmNrZEdheTAwUTBaVlIwVnNVVWxrU1VOalQyOW5NVFl4TURNek9UTXlNREl3TmhvNEdnMEtDekYyYVc5MVdITjNVMUpCS2ljS0dGVkRiMU55V1Y5SlVWRldjRzFKVWxvNVdHWXRlVGt6WnhJTE1YWnBiM1ZZYzNkVFVrRWdBU2dFTWhvS0dGVkRiamhwVm5Od2JWVklXWFZvZVV4blYwcDBPVTlMVVRnQ1NBRlFBUSUzRCUzRA=='}}, 'id': 'CkUKGkNOU2pwTG1Gay00Q0ZjTGd3UW9kVjhNSVJnEidDSldhZ3JHRmstNENGVUdFbFFJZElDY09vZzE2MTAzMzkzMjAyMDY%3D', 'timestampUsec': '1610339320402438', 'authorExternalChannelId': 'UCn8iVspmUHYuhyLgWJt9OKQ', 'contextMenuAccessibility': {'accessibilityData': {'label': 'Chat actions'}}, 'timestampText': {'simpleText': '1:56:52'}}}



05-Sep-22 21:11:45 - <class 'KeyError'>-'authorName' item:{'liveChatTextMessageRenderer': {'message': {'runs': [{'text': 'love u girl!!'}]}, 'authorPhoto': {'thumbnails': [{'url': 'https://yt4.ggpht.com/7DcgJ4As5yaM6EBB8FcqvY5JbfrQwKL47S8-C__2GxHktUP12fGg6FVl92P5vEAYHZssES-0=s32-c-k-c0x00ffffff-no-rj', 'width': 32, 'height': 32}, {'url': 'https://yt4.ggpht.com/7DcgJ4As5yaM6EBB8FcqvY5JbfrQwKL47S8-C__2GxHktUP12fGg6FVl92P5vEAYHZssES-0=s64-c-k-c0x00ffffff-no-rj', 'width': 64, 'height': 64}]}, 'contextMenuEndpoint': {'commandMetadata': {'webCommandMetadata': {'ignoreNavigation': True}}, 'liveChatItemContextMenuEndpoint': {'params': 'Q2tjS1JRb2FRMDVUYW5CTWJVWnJMVFJEUm1OTVozZFJiMlJXT0UxSlVtY1NKME5LVjJGbmNrZEdheTAwUTBaVlIwVnNVVWxrU1VOalQyOW5NVFl4TURNek9UTXlNREl3TmhvNEdnMEtDekYyYVc5MVdITjNVMUpCS2ljS0dGVkRiMU55V1Y5SlVWRldjRzFKVWxvNVdHWXRlVGt6WnhJTE1YWnBiM1ZZYzNkVFVrRWdBU2dFTWhvS0dGVkRiamhwVm5Od2JWVklXWFZvZVV4blYwcDBPVTlMVVRnQ1NBRlFBUSUzRCUzRA=='}}, 'id': 'CkUKGkNOU2pwTG1Gay00Q0ZjTGd3UW9kVjhNSVJnEidDSldhZ3JHRmstNENGVUdFbFFJZElDY09vZzE2MTAzMzkzMjAyMDY%3D', 'timestampUsec': '1610339320402438', 'authorExternalChannelId': 'UCn8iVspmUHYuhyLgWJt9OKQ', 'contextMenuAccessibility': {'accessibilityData': {'label': 'Chat actions'}}, 'timestampText': {'simpleText': '1:56:52'}}}



05-Sep-22 21:12:51 - <class 'KeyError'>-'authorName' item:{'liveChatTextMessageRenderer': {'message': {'runs': [{'text': 'love u girl!!'}]}, 'authorPhoto': {'thumbnails': [{'url': 'https://yt4.ggpht.com/7DcgJ4As5yaM6EBB8FcqvY5JbfrQwKL47S8-C__2GxHktUP12fGg6FVl92P5vEAYHZssES-0=s32-c-k-c0x00ffffff-no-rj', 'width': 32, 'height': 32}, {'url': 'https://yt4.ggpht.com/7DcgJ4As5yaM6EBB8FcqvY5JbfrQwKL47S8-C__2GxHktUP12fGg6FVl92P5vEAYHZssES-0=s64-c-k-c0x00ffffff-no-rj', 'width': 64, 'height': 64}]}, 'contextMenuEndpoint': {'commandMetadata': {'webCommandMetadata': {'ignoreNavigation': True}}, 'liveChatItemContextMenuEndpoint': {'params': 'Q2tjS1JRb2FRMDVUYW5CTWJVWnJMVFJEUm1OTVozZFJiMlJXT0UxSlVtY1NKME5LVjJGbmNrZEdheTAwUTBaVlIwVnNVVWxrU1VOalQyOW5NVFl4TURNek9UTXlNREl3TmhvNEdnMEtDekYyYVc5MVdITjNVMUpCS2ljS0dGVkRiMU55V1Y5SlVWRldjRzFKVWxvNVdHWXRlVGt6WnhJTE1YWnBiM1ZZYzNkVFVrRWdBU2dFTWhvS0dGVkRiamhwVm5Od2JWVklXWFZvZVV4blYwcDBPVTlMVVRnQ1NBRlFBUSUzRCUzRA=='}}, 'id': 'CkUKGkNOU2pwTG1Gay00Q0ZjTGd3UW9kVjhNSVJnEidDSldhZ3JHRmstNENGVUdFbFFJZElDY09vZzE2MTAzMzkzMjAyMDY%3D', 'timestampUsec': '1610339320402438', 'authorExternalChannelId': 'UCn8iVspmUHYuhyLgWJt9OKQ', 'contextMenuAccessibility': {'accessibilityData': {'label': 'Chat actions'}}, 'timestampText': {'simpleText': '1:56:52'}}}



05-Sep-22 21:13:56 - <class 'KeyError'>-'authorName' item:{'liveChatTextMessageRenderer': {'message': {'runs': [{'text': 'love u girl!!'}]}, 'authorPhoto': {'thumbnails': [{'url': 'https://yt4.ggpht.com/7DcgJ4As5yaM6EBB8FcqvY5JbfrQwKL47S8-C__2GxHktUP12fGg6FVl92P5vEAYHZssES-0=s32-c-k-c0x00ffffff-no-rj', 'width': 32, 'height': 32}, {'url': 'https://yt4.ggpht.com/7DcgJ4As5yaM6EBB8FcqvY5JbfrQwKL47S8-C__2GxHktUP12fGg6FVl92P5vEAYHZssES-0=s64-c-k-c0x00ffffff-no-rj', 'width': 64, 'height': 64}]}, 'contextMenuEndpoint': {'commandMetadata': {'webCommandMetadata': {'ignoreNavigation': True}}, 'liveChatItemContextMenuEndpoint': {'params': 'Q2tjS1JRb2FRMDVUYW5CTWJVWnJMVFJEUm1OTVozZFJiMlJXT0UxSlVtY1NKME5LVjJGbmNrZEdheTAwUTBaVlIwVnNVVWxrU1VOalQyOW5NVFl4TURNek9UTXlNREl3TmhvNEdnMEtDekYyYVc5MVdITjNVMUpCS2ljS0dGVkRiMU55V1Y5SlVWRldjRzFKVWxvNVdHWXRlVGt6WnhJTE1YWnBiM1ZZYzNkVFVrRWdBU2dFTWhvS0dGVkRiamhwVm5Od2JWVklXWFZvZVV4blYwcDBPVTlMVVRnQ1NBRlFBUSUzRCUzRA=='}}, 'id': 'CkUKGkNOU2pwTG1Gay00Q0ZjTGd3UW9kVjhNSVJnEidDSldhZ3JHRmstNENGVUdFbFFJZElDY09vZzE2MTAzMzkzMjAyMDY%3D', 'timestampUsec': '1610339320402438', 'authorExternalChannelId': 'UCn8iVspmUHYuhyLgWJt9OKQ', 'contextMenuAccessibility': {'accessibilityData': {'label': 'Chat actions'}}, 'timestampText': {'simpleText': '1:56:52'}}}



05-Sep-22 21:29:41 - <class 'KeyError'>-'authorName' item:{'liveChatTextMessageRenderer': {'message': {'runs': [{'text': 'love u girl!!'}]}, 'authorPhoto': {'thumbnails': [{'url': 'https://yt4.ggpht.com/7DcgJ4As5yaM6EBB8FcqvY5JbfrQwKL47S8-C__2GxHktUP12fGg6FVl92P5vEAYHZssES-0=s32-c-k-c0x00ffffff-no-rj', 'width': 32, 'height': 32}, {'url': 'https://yt4.ggpht.com/7DcgJ4As5yaM6EBB8FcqvY5JbfrQwKL47S8-C__2GxHktUP12fGg6FVl92P5vEAYHZssES-0=s64-c-k-c0x00ffffff-no-rj', 'width': 64, 'height': 64}]}, 'contextMenuEndpoint': {'commandMetadata': {'webCommandMetadata': {'ignoreNavigation': True}}, 'liveChatItemContextMenuEndpoint': {'params': 'Q2tjS1JRb2FRMDVUYW5CTWJVWnJMVFJEUm1OTVozZFJiMlJXT0UxSlVtY1NKME5LVjJGbmNrZEdheTAwUTBaVlIwVnNVVWxrU1VOalQyOW5NVFl4TURNek9UTXlNREl3TmhvNEdnMEtDekYyYVc5MVdITjNVMUpCS2ljS0dGVkRiMU55V1Y5SlVWRldjRzFKVWxvNVdHWXRlVGt6WnhJTE1YWnBiM1ZZYzNkVFVrRWdBU2dFTWhvS0dGVkRiamhwVm5Od2JWVklXWFZvZVV4blYwcDBPVTlMVVRnQ1NBRlFBUSUzRCUzRA=='}}, 'id': 'CkUKGkNOU2pwTG1Gay00Q0ZjTGd3UW9kVjhNSVJnEidDSldhZ3JHRmstNENGVUdFbFFJZElDY09vZzE2MTAzMzkzMjAyMDY%3D', 'timestampUsec': '1610339320402438', 'authorExternalChannelId': 'UCn8iVspmUHYuhyLgWJt9OKQ', 'contextMenuAccessibility': {'accessibilityData': {'label': 'Chat actions'}}, 'timestampText': {'simpleText': '1:56:52'}}}



05-Sep-22 21:37:15 - <class 'KeyError'>-'authorName' item:{'liveChatTextMessageRenderer': {'message': {'runs': [{'text': '"DAMMIT GURA!!"'}]}, 'authorPhoto': {'thumbnails': [{'url': 'https://yt4.ggpht.com/h61lKyYZSQeK6MH4GT3e1OnpahpUv0rJRmuoJwkVmuRrA3yiiQcOzvFYsYRdixd1KCzQoVN3b34=s32-c-k-c0x00ffffff-no-rj', 'width': 32, 'height': 32}, {'url': 'https://yt4.ggpht.com/h61lKyYZSQeK6MH4GT3e1OnpahpUv0rJRmuoJwkVmuRrA3yiiQcOzvFYsYRdixd1KCzQoVN3b34=s64-c-k-c0x00ffffff-no-rj', 'width': 64, 'height': 64}]}, 'contextMenuEndpoint': {'commandMetadata': {'webCommandMetadata': {'ignoreNavigation': True}}, 'liveChatItemContextMenuEndpoint': {'params': 'Q2pzS09Rb2FRMHR0ZEdjNWVtYzRYMnREUm1OVE1UVlJZMlJ2Y1UxSFVuY1NHME5RY2tSd2NuSkdPRjlyUTBaYVprcG5aMjlrVlhCSlNtcDNNQm80R2cwS0MxQlpXVk10ZUhVeWRYaFpLaWNLR0ZWRGIxTnlXVjlKVVZGV2NHMUpVbG81V0dZdGVUa3paeElMVUZsWlV5MTRkVEoxZUZrZ0FTZ0VNaG9LR0ZWRE9YSjNiekZqTm5RMU56SlNkVTFXTFZWSlFUWkNkemdDU0FGUUFRJTNEJTNE'}}, 'id': 'CjkKGkNLbXRnOXpnOF9rQ0ZjUzE1UWNkb3FNR1J3EhtDUHJEcHJyRjhfa0NGWmZKZ2dvZFVwSUpqdzA%3D', 'timestampUsec': '1662040867395299', 'authorExternalChannelId': 'UC9rwo1c6t572RuMV-UIA6Bw', 'contextMenuAccessibility': {'accessibilityData': {'label': 'Chat actions'}}, 'timestampText': {'simpleText': '3:28:24'}}}



05-Sep-22 21:39:31 - <class 'KeyError'>-'authorName' item:{'liveChatTextMessageRenderer': {'message': {'runs': [{'text': '"DAMMIT GURA!!"'}]}, 'authorPhoto': {'thumbnails': [{'url': 'https://yt4.ggpht.com/h61lKyYZSQeK6MH4GT3e1OnpahpUv0rJRmuoJwkVmuRrA3yiiQcOzvFYsYRdixd1KCzQoVN3b34=s32-c-k-c0x00ffffff-no-rj', 'width': 32, 'height': 32}, {'url': 'https://yt4.ggpht.com/h61lKyYZSQeK6MH4GT3e1OnpahpUv0rJRmuoJwkVmuRrA3yiiQcOzvFYsYRdixd1KCzQoVN3b34=s64-c-k-c0x00ffffff-no-rj', 'width': 64, 'height': 64}]}, 'contextMenuEndpoint': {'commandMetadata': {'webCommandMetadata': {'ignoreNavigation': True}}, 'liveChatItemContextMenuEndpoint': {'params': 'Q2pzS09Rb2FRMHR0ZEdjNWVtYzRYMnREUm1OVE1UVlJZMlJ2Y1UxSFVuY1NHME5RY2tSd2NuSkdPRjlyUTBaYVprcG5aMjlrVlhCSlNtcDNNQm80R2cwS0MxQlpXVk10ZUhVeWRYaFpLaWNLR0ZWRGIxTnlXVjlKVVZGV2NHMUpVbG81V0dZdGVUa3paeElMVUZsWlV5MTRkVEoxZUZrZ0FTZ0VNaG9LR0ZWRE9YSjNiekZqTm5RMU56SlNkVTFXTFZWSlFUWkNkemdDU0FGUUFRJTNEJTNE'}}, 'id': 'CjkKGkNLbXRnOXpnOF9rQ0ZjUzE1UWNkb3FNR1J3EhtDUHJEcHJyRjhfa0NGWmZKZ2dvZFVwSUpqdzA%3D', 'timestampUsec': '1662040867395299', 'authorExternalChannelId': 'UC9rwo1c6t572RuMV-UIA6Bw', 'contextMenuAccessibility': {'accessibilityData': {'label': 'Chat actions'}}, 'timestampText': {'simpleText': '3:28:24'}}}



06-Sep-22 02:08:43 - <class 'KeyError'>-'authorName' item:{'liveChatTextMessageRenderer': {'message': {'runs': [{'text': '"DAMMIT GURA!!"'}]}, 'authorPhoto': {'thumbnails': [{'url': 'https://yt4.ggpht.com/h61lKyYZSQeK6MH4GT3e1OnpahpUv0rJRmuoJwkVmuRrA3yiiQcOzvFYsYRdixd1KCzQoVN3b34=s32-c-k-c0x00ffffff-no-rj', 'width': 32, 'height': 32}, {'url': 'https://yt4.ggpht.com/h61lKyYZSQeK6MH4GT3e1OnpahpUv0rJRmuoJwkVmuRrA3yiiQcOzvFYsYRdixd1KCzQoVN3b34=s64-c-k-c0x00ffffff-no-rj', 'width': 64, 'height': 64}]}, 'contextMenuEndpoint': {'commandMetadata': {'webCommandMetadata': {'ignoreNavigation': True}}, 'liveChatItemContextMenuEndpoint': {'params': 'Q2pzS09Rb2FRMHR0ZEdjNWVtYzRYMnREUm1OVE1UVlJZMlJ2Y1UxSFVuY1NHME5RY2tSd2NuSkdPRjlyUTBaYVprcG5aMjlrVlhCSlNtcDNNQm80R2cwS0MxQlpXVk10ZUhVeWRYaFpLaWNLR0ZWRGIxTnlXVjlKVVZGV2NHMUpVbG81V0dZdGVUa3paeElMVUZsWlV5MTRkVEoxZUZrZ0FTZ0VNaG9LR0ZWRE9YSjNiekZqTm5RMU56SlNkVTFXTFZWSlFUWkNkemdDU0FGUUFRJTNEJTNE'}}, 'id': 'CjkKGkNLbXRnOXpnOF9rQ0ZjUzE1UWNkb3FNR1J3EhtDUHJEcHJyRjhfa0NGWmZKZ2dvZFVwSUpqdzA%3D', 'timestampUsec': '1662040867395299', 'authorExternalChannelId': 'UC9rwo1c6t572RuMV-UIA6Bw', 'contextMenuAccessibility': {'accessibilityData': {'label': 'Chat actions'}}, 'timestampText': {'simpleText': '3:28:24'}}}



06-Sep-22 02:10:58 - <class 'KeyError'>-'authorName' item:{'liveChatTextMessageRenderer': {'message': {'runs': [{'text': '"DAMMIT GURA!!"'}]}, 'authorPhoto': {'thumbnails': [{'url': 'https://yt4.ggpht.com/h61lKyYZSQeK6MH4GT3e1OnpahpUv0rJRmuoJwkVmuRrA3yiiQcOzvFYsYRdixd1KCzQoVN3b34=s32-c-k-c0x00ffffff-no-rj', 'width': 32, 'height': 32}, {'url': 'https://yt4.ggpht.com/h61lKyYZSQeK6MH4GT3e1OnpahpUv0rJRmuoJwkVmuRrA3yiiQcOzvFYsYRdixd1KCzQoVN3b34=s64-c-k-c0x00ffffff-no-rj', 'width': 64, 'height': 64}]}, 'contextMenuEndpoint': {'commandMetadata': {'webCommandMetadata': {'ignoreNavigation': True}}, 'liveChatItemContextMenuEndpoint': {'params': 'Q2pzS09Rb2FRMHR0ZEdjNWVtYzRYMnREUm1OVE1UVlJZMlJ2Y1UxSFVuY1NHME5RY2tSd2NuSkdPRjlyUTBaYVprcG5aMjlrVlhCSlNtcDNNQm80R2cwS0MxQlpXVk10ZUhVeWRYaFpLaWNLR0ZWRGIxTnlXVjlKVVZGV2NHMUpVbG81V0dZdGVUa3paeElMVUZsWlV5MTRkVEoxZUZrZ0FTZ0VNaG9LR0ZWRE9YSjNiekZqTm5RMU56SlNkVTFXTFZWSlFUWkNkemdDU0FGUUFRJTNEJTNE'}}, 'id': 'CjkKGkNLbXRnOXpnOF9rQ0ZjUzE1UWNkb3FNR1J3EhtDUHJEcHJyRjhfa0NGWmZKZ2dvZFVwSUpqdzA%3D', 'timestampUsec': '1662040867395299', 'authorExternalChannelId': 'UC9rwo1c6t572RuMV-UIA6Bw', 'contextMenuAccessibility': {'accessibilityData': {'label': 'Chat actions'}}, 'timestampText': {'simpleText': '3:28:24'}}}



06-Sep-22 14:17:47 - Exception occurred


Traceback (most recent call last):
  File "D:\Python\Python\HoloStats\youtube\video.py", line 22, in __init__
    infos = get_video_details(self.id)
  File "D:\Python\Python\HoloStats\yt_api.py", line 39, in get_video_details
    "comment_count": int(statistics['commentCount']),
KeyError: 'commentCount'
06-Sep-22 14:37:21 - Exception occurred


Traceback (most recent call last):
  File "D:\Python\Python\HoloStats\youtube\video.py", line 22, in __init__
    infos = get_video_details(self.id)
  File "D:\Python\Python\HoloStats\yt_api.py", line 39, in get_video_details
    "comment_count": int(statistics['commentCount']),
KeyError: 'commentCount'
06-Sep-22 14:42:19 - Exception occurred


Traceback (most recent call last):
  File "D:\Python\Python\HoloStats\youtube\video.py", line 22, in __init__
    infos = get_video_details(self.id)
  File "D:\Python\Python\HoloStats\yt_api.py", line 39, in get_video_details
    "comment_count": int(statistics['commentCount']),
KeyError: 'commentCount'
06-Sep-22 14:54:17 - Exception occurred


Traceback (most recent call last):
  File "D:\Python\Python\HoloStats\youtube\video.py", line 22, in __init__
    infos = get_video_details(self.id)
  File "D:\Python\Python\HoloStats\yt_api.py", line 39, in get_video_details
    "comment_count": int(statistics['commentCount']),
KeyError: 'commentCount'
06-Sep-22 14:55:09 - Exception occurred


Traceback (most recent call last):
  File "D:\Python\Python\HoloStats\youtube\video.py", line 22, in __init__
    infos = get_video_details(self.id)
  File "D:\Python\Python\HoloStats\yt_api.py", line 42, in get_video_details
    "actual_end_time": dateutil.parser.isoparse(live_streaming_details['actualEndTime']),
KeyError: 'actualEndTime'
06-Sep-22 15:36:39 - <class 'KeyError'>-'authorName' item:{'liveChatTextMessageRenderer': {'message': {'runs': [{'text': '"DAMMIT GURA!!"'}]}, 'authorPhoto': {'thumbnails': [{'url': 'https://yt4.ggpht.com/h61lKyYZSQeK6MH4GT3e1OnpahpUv0rJRmuoJwkVmuRrA3yiiQcOzvFYsYRdixd1KCzQoVN3b34=s32-c-k-c0x00ffffff-no-rj', 'width': 32, 'height': 32}, {'url': 'https://yt4.ggpht.com/h61lKyYZSQeK6MH4GT3e1OnpahpUv0rJRmuoJwkVmuRrA3yiiQcOzvFYsYRdixd1KCzQoVN3b34=s64-c-k-c0x00ffffff-no-rj', 'width': 64, 'height': 64}]}, 'contextMenuEndpoint': {'commandMetadata': {'webCommandMetadata': {'ignoreNavigation': True}}, 'liveChatItemContextMenuEndpoint': {'params': 'Q2pzS09Rb2FRMHR0ZEdjNWVtYzRYMnREUm1OVE1UVlJZMlJ2Y1UxSFVuY1NHME5RY2tSd2NuSkdPRjlyUTBaYVprcG5aMjlrVlhCSlNtcDNNQm80R2cwS0MxQlpXVk10ZUhVeWRYaFpLaWNLR0ZWRGIxTnlXVjlKVVZGV2NHMUpVbG81V0dZdGVUa3paeElMVUZsWlV5MTRkVEoxZUZrZ0FTZ0VNaG9LR0ZWRE9YSjNiekZqTm5RMU56SlNkVTFXTFZWSlFUWkNkemdDU0FGUUFRJTNEJTNE'}}, 'id': 'CjkKGkNLbXRnOXpnOF9rQ0ZjUzE1UWNkb3FNR1J3EhtDUHJEcHJyRjhfa0NGWmZKZ2dvZFVwSUpqdzA%3D', 'timestampUsec': '1662040867395299', 'authorExternalChannelId': 'UC9rwo1c6t572RuMV-UIA6Bw', 'contextMenuAccessibility': {'accessibilityData': {'label': 'Chat actions'}}, 'timestampText': {'simpleText': '3:28:24'}}}



06-Sep-22 15:39:12 - <class 'KeyError'>-'authorName' item:{'liveChatTextMessageRenderer': {'message': {'runs': [{'text': '"DAMMIT GURA!!"'}]}, 'authorPhoto': {'thumbnails': [{'url': 'https://yt4.ggpht.com/h61lKyYZSQeK6MH4GT3e1OnpahpUv0rJRmuoJwkVmuRrA3yiiQcOzvFYsYRdixd1KCzQoVN3b34=s32-c-k-c0x00ffffff-no-rj', 'width': 32, 'height': 32}, {'url': 'https://yt4.ggpht.com/h61lKyYZSQeK6MH4GT3e1OnpahpUv0rJRmuoJwkVmuRrA3yiiQcOzvFYsYRdixd1KCzQoVN3b34=s64-c-k-c0x00ffffff-no-rj', 'width': 64, 'height': 64}]}, 'contextMenuEndpoint': {'commandMetadata': {'webCommandMetadata': {'ignoreNavigation': True}}, 'liveChatItemContextMenuEndpoint': {'params': 'Q2pzS09Rb2FRMHR0ZEdjNWVtYzRYMnREUm1OVE1UVlJZMlJ2Y1UxSFVuY1NHME5RY2tSd2NuSkdPRjlyUTBaYVprcG5aMjlrVlhCSlNtcDNNQm80R2cwS0MxQlpXVk10ZUhVeWRYaFpLaWNLR0ZWRGIxTnlXVjlKVVZGV2NHMUpVbG81V0dZdGVUa3paeElMVUZsWlV5MTRkVEoxZUZrZ0FTZ0VNaG9LR0ZWRE9YSjNiekZqTm5RMU56SlNkVTFXTFZWSlFUWkNkemdDU0FGUUFRJTNEJTNE'}}, 'id': 'CjkKGkNLbXRnOXpnOF9rQ0ZjUzE1UWNkb3FNR1J3EhtDUHJEcHJyRjhfa0NGWmZKZ2dvZFVwSUpqdzA%3D', 'timestampUsec': '1662040867395299', 'authorExternalChannelId': 'UC9rwo1c6t572RuMV-UIA6Bw', 'contextMenuAccessibility': {'accessibilityData': {'label': 'Chat actions'}}, 'timestampText': {'simpleText': '3:28:24'}}}



06-Sep-22 16:27:50 - <class 'KeyError'>-'authorName' item:{'liveChatTextMessageRenderer': {'message': {'runs': [{'text': 'you so cute and cringe i love it'}]}, 'authorPhoto': {'thumbnails': [{'url': 'https://yt4.ggpht.com/ytc/AMLnZu_Le2sLnMDMirmF9r7IzE0Bq1oi_o2Cc0v2SZP13leV4Q=s32-c-k-c0x00ffffff-no-rj', 'width': 32, 'height': 32}, {'url': 'https://yt4.ggpht.com/ytc/AMLnZu_Le2sLnMDMirmF9r7IzE0Bq1oi_o2Cc0v2SZP13leV4Q=s64-c-k-c0x00ffffff-no-rj', 'width': 64, 'height': 64}]}, 'contextMenuEndpoint': {'commandMetadata': {'webCommandMetadata': {'ignoreNavigation': True}}, 'liveChatItemContextMenuEndpoint': {'params': 'Q2pzS09Rb2FRMDE2Y3pKSmJVcDBkbXREUmxwMVZ6VlJZMlIzY1dkTFRYY1NHME5KVEhrM05GTktkSFpyUTBabGRWUTFVV05rVWt3NFJUZDNNQm80R2cwS0MyOVJSbk16Y1VSRVNGZFJLaWNLR0ZWRGIxTnlXVjlKVVZGV2NHMUpVbG81V0dZdGVUa3paeElMYjFGR2N6TnhSRVJJVjFFZ0FTZ0VNaG9LR0ZWRGNrTmpVazh5WlhaUlUxSlRNV2R4ZW5jMFZrNVlVVGdDU0FGUUFRJTNEJTNE'}}, 'id': 'CjkKGkNNenMySW1KdHZrQ0ZadVc1UWNkd3FnS013EhtDSUx5NzRTSnR2a0NGZXVUNVFjZFJMOEU3dzA%3D', 'timestampUsec': '1659921396807303', 'authorExternalChannelId': 'UCrCcRO2evQSRS1gqzw4VNXQ', 'contextMenuAccessibility': {'accessibilityData': {'label': 'Chat actions'}}, 'timestampText': {'simpleText': '1:12:52'}}}



06-Sep-22 16:29:21 - <class 'KeyError'>-'authorName' item:{'liveChatTextMessageRenderer': {'message': {'runs': [{'text': 'you so cute and cringe i love it'}]}, 'authorPhoto': {'thumbnails': [{'url': 'https://yt4.ggpht.com/ytc/AMLnZu_Le2sLnMDMirmF9r7IzE0Bq1oi_o2Cc0v2SZP13leV4Q=s32-c-k-c0x00ffffff-no-rj', 'width': 32, 'height': 32}, {'url': 'https://yt4.ggpht.com/ytc/AMLnZu_Le2sLnMDMirmF9r7IzE0Bq1oi_o2Cc0v2SZP13leV4Q=s64-c-k-c0x00ffffff-no-rj', 'width': 64, 'height': 64}]}, 'contextMenuEndpoint': {'commandMetadata': {'webCommandMetadata': {'ignoreNavigation': True}}, 'liveChatItemContextMenuEndpoint': {'params': 'Q2pzS09Rb2FRMDE2Y3pKSmJVcDBkbXREUmxwMVZ6VlJZMlIzY1dkTFRYY1NHME5KVEhrM05GTktkSFpyUTBabGRWUTFVV05rVWt3NFJUZDNNQm80R2cwS0MyOVJSbk16Y1VSRVNGZFJLaWNLR0ZWRGIxTnlXVjlKVVZGV2NHMUpVbG81V0dZdGVUa3paeElMYjFGR2N6TnhSRVJJVjFFZ0FTZ0VNaG9LR0ZWRGNrTmpVazh5WlhaUlUxSlRNV2R4ZW5jMFZrNVlVVGdDU0FGUUFRJTNEJTNE'}}, 'id': 'CjkKGkNNenMySW1KdHZrQ0ZadVc1UWNkd3FnS013EhtDSUx5NzRTSnR2a0NGZXVUNVFjZFJMOEU3dzA%3D', 'timestampUsec': '1659921396807303', 'authorExternalChannelId': 'UCrCcRO2evQSRS1gqzw4VNXQ', 'contextMenuAccessibility': {'accessibilityData': {'label': 'Chat actions'}}, 'timestampText': {'simpleText': '1:12:52'}}}



06-Sep-22 17:35:25 - Traceback (most recent call last):
  File "C:\Python37\lib\site-packages\h2\connection.py", line 224, in process_input
    func, target_state = self._transitions[(self.state, input_)]
KeyError: (<ConnectionState.CLOSED: 3>, <ConnectionInputs.RECV_PING: 14>)

During handling of the above exception, another exception occurred:

Traceback (most recent call last):
  File "C:\Python37\lib\site-packages\h2\connection.py", line 229, in process_input
    "Invalid input %s in state %s" % (input_, old_state)
h2.exceptions.ProtocolError: Invalid input ConnectionInputs.RECV_PING in state ConnectionState.CLOSED

During handling of the above exception, another exception occurred:

Traceback (most recent call last):
  File "C:\Python37\lib\site-packages\httpcore\_sync\http2.py", line 144, in handle_request
    raise LocalProtocolError(exc)  # pragma: nocover
httpcore.LocalProtocolError: Invalid input ConnectionInputs.RECV_PING in state ConnectionState.CLOSED

The above exception was the direct cause of the following exception:

Traceback (most recent call last):
  File "C:\Python37\lib\site-packages\httpx\_transports\default.py", line 77, in map_httpcore_exceptions
    raise mapped_exc(message) from exc
httpx.LocalProtocolError: Invalid input ConnectionInputs.RECV_PING in state ConnectionState.CLOSED




06-Sep-22 17:53:46 - <class 'KeyError'>-'authorName' item:{'liveChatTextMessageRenderer': {'message': {'runs': [{'text': 'no way'}]}, 'authorPhoto': {'thumbnails': [{'url': 'https://yt4.ggpht.com/qhzkzUbJUu3XVzXmHAaY3DZ8vI3VLt57R3gxGy5yQG2d4ajQWmCTak783wpjdihXUI5If5F6VXs=s32-c-k-c0x00ffffff-no-rj', 'width': 32, 'height': 32}, {'url': 'https://yt4.ggpht.com/qhzkzUbJUu3XVzXmHAaY3DZ8vI3VLt57R3gxGy5yQG2d4ajQWmCTak783wpjdihXUI5If5F6VXs=s64-c-k-c0x00ffffff-no-rj', 'width': 64, 'height': 64}]}, 'contextMenuEndpoint': {'commandMetadata': {'webCommandMetadata': {'ignoreNavigation': True}}, 'liveChatItemContextMenuEndpoint': {'params': 'Q2pzS09Rb2FRMHQ1V25GbGNXWTRkbXREUmxsNWVYZFJiMlJPTUhkQ01VRVNHME5MWVZSMlQwdG1PSFpyUTBabVZIZFpRVzlrVVRBMFIyeG5NQm80R2cwS0N6WjFMUzF1YlMxalJtUlZLaWNLR0ZWRGVXd3hlak5xYnpOWVNGSXhjbWxNUmt0SE5WVkJaeElMTm5VdExXNXRMV05HWkZVZ0FTZ0VNaG9LR0ZWRFQxRm5UM010ZUZobVZGTkpNa2hYWlZkQ2MzcGtkemdDU0FGUUFRJTNEJTNE'}}, 'id': 'CjkKGkNLeVpxZXFmOHZrQ0ZZeXl3UW9kTjB3QjFBEhtDS2FUdk9LZjh2a0NGZlR3WUFvZFEwNEdsZzA%3D', 'timestampUsec': '1661989089332463', 'authorExternalChannelId': 'UCOQgOs-xXfTSI2HWeWBszdw', 'contextMenuAccessibility': {'accessibilityData': {'label': 'Chat actions'}}, 'timestampText': {'simpleText': '1:07:45'}}}



06-Sep-22 18:13:48 - <class 'KeyError'>-'authorName' item:{'liveChatTextMessageRenderer': {'message': {'runs': [{'text': 'LMAO'}]}, 'authorPhoto': {'thumbnails': [{'url': 'https://yt4.ggpht.com/h61lKyYZSQeK6MH4GT3e1OnpahpUv0rJRmuoJwkVmuRrA3yiiQcOzvFYsYRdixd1KCzQoVN3b34=s32-c-k-c0x00ffffff-no-rj', 'width': 32, 'height': 32}, {'url': 'https://yt4.ggpht.com/h61lKyYZSQeK6MH4GT3e1OnpahpUv0rJRmuoJwkVmuRrA3yiiQcOzvFYsYRdixd1KCzQoVN3b34=s64-c-k-c0x00ffffff-no-rj', 'width': 64, 'height': 64}]}, 'contextMenuEndpoint': {'commandMetadata': {'webCommandMetadata': {'ignoreNavigation': True}}, 'liveChatItemContextMenuEndpoint': {'params': 'Q2pzS09Rb2FRMDlJVFhKdmRua3labXREUm1aaFZUVlJZMlJGTTI5RGRFRVNHME5KVjFWcWNYcDNNbVpyUTBaaU0wOUdaMnRrYm1SSlJWRlJNUm80R2cwS0MwcFdURTkyT1Roek5HWnpLaWNLR0ZWRGVXd3hlak5xYnpOWVNGSXhjbWxNUmt0SE5WVkJaeElMU2xaTVQzWTVPSE0wWm5NZ0FTZ0VNaG9LR0ZWRE9YSjNiekZqTm5RMU56SlNkVTFXTFZWSlFUWkNkemdDU0FGUUFRJTNEJTNE'}}, 'id': 'CjkKGkNPSE1yb3Z5MmZrQ0ZmYVU1UWNkRTNvQ3RBEhtDSVdVanF6dzJma0NGYjNPRmdrZG5kSUVRUTE%3D', 'timestampUsec': '1661152176875215', 'authorExternalChannelId': 'UC9rwo1c6t572RuMV-UIA6Bw', 'contextMenuAccessibility': {'accessibilityData': {'label': 'Chat actions'}}, 'timestampText': {'simpleText': '4:38:31'}}}



06-Sep-22 18:14:56 - <class 'KeyError'>-'authorName' item:{'liveChatTextMessageRenderer': {'message': {'runs': [{'text': 'LMAO'}]}, 'authorPhoto': {'thumbnails': [{'url': 'https://yt4.ggpht.com/h61lKyYZSQeK6MH4GT3e1OnpahpUv0rJRmuoJwkVmuRrA3yiiQcOzvFYsYRdixd1KCzQoVN3b34=s32-c-k-c0x00ffffff-no-rj', 'width': 32, 'height': 32}, {'url': 'https://yt4.ggpht.com/h61lKyYZSQeK6MH4GT3e1OnpahpUv0rJRmuoJwkVmuRrA3yiiQcOzvFYsYRdixd1KCzQoVN3b34=s64-c-k-c0x00ffffff-no-rj', 'width': 64, 'height': 64}]}, 'contextMenuEndpoint': {'commandMetadata': {'webCommandMetadata': {'ignoreNavigation': True}}, 'liveChatItemContextMenuEndpoint': {'params': 'Q2pzS09Rb2FRMDlJVFhKdmRua3labXREUm1aaFZUVlJZMlJGTTI5RGRFRVNHME5KVjFWcWNYcDNNbVpyUTBaaU0wOUdaMnRrYm1SSlJWRlJNUm80R2cwS0MwcFdURTkyT1Roek5HWnpLaWNLR0ZWRGVXd3hlak5xYnpOWVNGSXhjbWxNUmt0SE5WVkJaeElMU2xaTVQzWTVPSE0wWm5NZ0FTZ0VNaG9LR0ZWRE9YSjNiekZqTm5RMU56SlNkVTFXTFZWSlFUWkNkemdDU0FGUUFRJTNEJTNE'}}, 'id': 'CjkKGkNPSE1yb3Z5MmZrQ0ZmYVU1UWNkRTNvQ3RBEhtDSVdVanF6dzJma0NGYjNPRmdrZG5kSUVRUTE%3D', 'timestampUsec': '1661152176875215', 'authorExternalChannelId': 'UC9rwo1c6t572RuMV-UIA6Bw', 'contextMenuAccessibility': {'accessibilityData': {'label': 'Chat actions'}}, 'timestampText': {'simpleText': '4:38:31'}}}



06-Sep-22 18:22:22 - <class 'KeyError'>-'authorName' item:{'liveChatTextMessageRenderer': {'message': {'runs': [{'text': 'ban pants'}]}, 'authorPhoto': {'thumbnails': [{'url': 'https://yt4.ggpht.com/ytc/AMLnZu9xneUFTBrMzb_6Tl6IXrxUyfHoMAMw_t1q2MUA8lgXuA=s32-c-k-c0x00ffffff-no-rj', 'width': 32, 'height': 32}, {'url': 'https://yt4.ggpht.com/ytc/AMLnZu9xneUFTBrMzb_6Tl6IXrxUyfHoMAMw_t1q2MUA8lgXuA=s64-c-k-c0x00ffffff-no-rj', 'width': 64, 'height': 64}]}, 'contextMenuEndpoint': {'commandMetadata': {'webCommandMetadata': {'ignoreNavigation': True}}, 'liveChatItemContextMenuEndpoint': {'params': 'Q2pzS09Rb2FRMHBZV2pKdlpqQjRYMnREUmxKalJ6Rm5RV1JqUVRoR2NVRVNHME5KZGtjMFh6TjZlRjlyUTBaUlZFVlpRVzlrVFZSdlQwMW5NQm80R2cwS0MyTldNMU5zUXpOMGJTMVpLaWNLR0ZWRGVXd3hlak5xYnpOWVNGSXhjbWxNUmt0SE5WVkJaeElMWTFZelUyeERNM1J0TFZrZ0FTZ0VNaG9LR0ZWRFFWTjNRVmxqU0daQ2RVTlBaamhOZFRObFJYSkJaemdDU0FGUUFRJTNEJTNE'}}, 'id': 'CjkKGkNKWFoyb2YweF9rQ0ZSY0cxZ0FkY0E4RnFBEhtDSXZHNF8zenhfa0NGUVRFWUFvZE1Ub09NZzA%3D', 'timestampUsec': '1660534230789319', 'authorExternalChannelId': 'UCASwAYcHfBuCOf8Mu3eErAg', 'contextMenuAccessibility': {'accessibilityData': {'label': 'Chat actions'}}, 'timestampText': {'simpleText': '1:14:52'}}}



06-Sep-22 18:32:22 - <class 'KeyError'>-'authorName' item:{'liveChatTextMessageRenderer': {'message': {'runs': [{'text': 'Hi Ame'}]}, 'authorPhoto': {'thumbnails': [{'url': 'https://yt4.ggpht.com/4uYesC6fP1bcfwtseteJYu6naTXuSjhc5roR8NosqxMRT_dZly2PoXKwJ7iCZ3ifkylaNbwEyF8=s32-c-k-c0x00ffffff-no-rj', 'width': 32, 'height': 32}, {'url': 'https://yt4.ggpht.com/4uYesC6fP1bcfwtseteJYu6naTXuSjhc5roR8NosqxMRT_dZly2PoXKwJ7iCZ3ifkylaNbwEyF8=s64-c-k-c0x00ffffff-no-rj', 'width': 64, 'height': 64}]}, 'contextMenuEndpoint': {'commandMetadata': {'webCommandMetadata': {'ignoreNavigation': True}}, 'liveChatItemContextMenuEndpoint': {'params': 'Q2p3S09nb2FRMGxNYURGWlZITjJYMnREUmxwWVNIZG5VV1EwTURSSk1tY1NIRU5PUXpCdU9UTnlkbDlyUTBaV2FrZE9RV05rVTNCelQzWm5MVEFhT0JvTkNndDBZakZNY0ZKNk1GUkVjeW9uQ2hoVlEzbHNNWG96YW04eldFaFNNWEpwVEVaTFJ6VlZRV2NTQzNSaU1VeHdVbm93VkVSeklBRW9CRElhQ2hoVlExSXdXVTVhUWt4Q2FYYzRTekpSTkhaM2VrNVZVM2M0QWtnQlVBRSUzRA=='}}, 'id': 'CjoKGkNJTGgxWVRzdl9rQ0ZaWEh3Z1FkNDA0STJnEhxDTkMwbjkzcnZfa0NGVmpHTkFjZFNwc092Zy0w', 'timestampUsec': '1660257199026356', 'authorExternalChannelId': 'UCR0YNZBLBiw8K2Q4vwzNUSw', 'contextMenuAccessibility': {'accessibilityData': {'label': 'Chat actions'}}, 'timestampText': {'simpleText': '2:53'}}}



06-Sep-22 18:32:29 - <class 'KeyError'>-'authorName' item:{'liveChatTextMessageRenderer': {'message': {'runs': [{'text': 'UoU'}]}, 'authorPhoto': {'thumbnails': [{'url': 'https://yt4.ggpht.com/4uYesC6fP1bcfwtseteJYu6naTXuSjhc5roR8NosqxMRT_dZly2PoXKwJ7iCZ3ifkylaNbwEyF8=s32-c-k-c0x00ffffff-no-rj', 'width': 32, 'height': 32}, {'url': 'https://yt4.ggpht.com/4uYesC6fP1bcfwtseteJYu6naTXuSjhc5roR8NosqxMRT_dZly2PoXKwJ7iCZ3ifkylaNbwEyF8=s64-c-k-c0x00ffffff-no-rj', 'width': 64, 'height': 64}]}, 'contextMenuEndpoint': {'commandMetadata': {'webCommandMetadata': {'ignoreNavigation': True}}, 'liveChatItemContextMenuEndpoint': {'params': 'Q2p3S09nb2FRMGxEWlRWYVdIUjJYMnREUmxWSlNXWlJiMlJ2WWtWRVowRVNIRU5PUXpCdU9UTnlkbDlyUTBaV2FrZE9RV05rVTNCelQzWm5MVE1hT0JvTkNndDBZakZNY0ZKNk1GUkVjeW9uQ2hoVlEzbHNNWG96YW04eldFaFNNWEpwVEVaTFJ6VlZRV2NTQzNSaU1VeHdVbm93VkVSeklBRW9CRElhQ2hoVlExSXdXVTVhUWt4Q2FYYzRTekpSTkhaM2VrNVZVM2M0QWtnQlVBRSUzRA=='}}, 'id': 'CjoKGkNJQ2U1Wlh0dl9rQ0ZVSUlmUW9kb2JFRGdBEhxDTkMwbjkzcnZfa0NGVmpHTkFjZFNwc092Zy0z', 'timestampUsec': '1660257503366959', 'authorExternalChannelId': 'UCR0YNZBLBiw8K2Q4vwzNUSw', 'contextMenuAccessibility': {'accessibilityData': {'label': 'Chat actions'}}, 'timestampText': {'simpleText': '7:58'}}}



06-Sep-22 18:32:30 - <class 'KeyError'>-'authorName' item:{'liveChatTextMessageRenderer': {'message': {'runs': [{'text': 'WoW'}]}, 'authorPhoto': {'thumbnails': [{'url': 'https://yt4.ggpht.com/4uYesC6fP1bcfwtseteJYu6naTXuSjhc5roR8NosqxMRT_dZly2PoXKwJ7iCZ3ifkylaNbwEyF8=s32-c-k-c0x00ffffff-no-rj', 'width': 32, 'height': 32}, {'url': 'https://yt4.ggpht.com/4uYesC6fP1bcfwtseteJYu6naTXuSjhc5roR8NosqxMRT_dZly2PoXKwJ7iCZ3ifkylaNbwEyF8=s64-c-k-c0x00ffffff-no-rj', 'width': 64, 'height': 64}]}, 'contextMenuEndpoint': {'commandMetadata': {'webCommandMetadata': {'ignoreNavigation': True}}, 'liveChatItemContextMenuEndpoint': {'params': 'Q2p3S09nb2FRMHh1TkhWTGNuUjJYMnREUmxGRlVuSlJXV1JITFc5R2QwRVNIRU5PUXpCdU9UTnlkbDlyUTBaV2FrZE9RV05rVTNCelQzWm5MVFFhT0JvTkNndDBZakZNY0ZKNk1GUkVjeW9uQ2hoVlEzbHNNWG96YW04eldFaFNNWEpwVEVaTFJ6VlZRV2NTQzNSaU1VeHdVbm93VkVSeklBRW9CRElhQ2hoVlExSXdXVTVhUWt4Q2FYYzRTekpSTkhaM2VrNVZVM2M0QWtnQlVBRSUzRA=='}}, 'id': 'CjoKGkNMbjR1S3J0dl9rQ0ZRRVJyUVlkRy1vRndBEhxDTkMwbjkzcnZfa0NGVmpHTkFjZFNwc092Zy00', 'timestampUsec': '1660257546681446', 'authorExternalChannelId': 'UCR0YNZBLBiw8K2Q4vwzNUSw', 'contextMenuAccessibility': {'accessibilityData': {'label': 'Chat actions'}}, 'timestampText': {'simpleText': '8:41'}}}



06-Sep-22 18:32:32 - <class 'KeyError'>-'authorName' item:{'liveChatTextMessageRenderer': {'message': {'runs': [{'text': 'Oh my god '}]}, 'authorPhoto': {'thumbnails': [{'url': 'https://yt4.ggpht.com/4uYesC6fP1bcfwtseteJYu6naTXuSjhc5roR8NosqxMRT_dZly2PoXKwJ7iCZ3ifkylaNbwEyF8=s32-c-k-c0x00ffffff-no-rj', 'width': 32, 'height': 32}, {'url': 'https://yt4.ggpht.com/4uYesC6fP1bcfwtseteJYu6naTXuSjhc5roR8NosqxMRT_dZly2PoXKwJ7iCZ3ifkylaNbwEyF8=s64-c-k-c0x00ffffff-no-rj', 'width': 64, 'height': 64}]}, 'contextMenuEndpoint': {'commandMetadata': {'webCommandMetadata': {'ignoreNavigation': True}}, 'liveChatItemContextMenuEndpoint': {'params': 'Q2p3S09nb2FRMDV1Um10emRuUjJYMnREUm1SQlQzSlJXV1J6TTNkRllWRVNIRU5PUXpCdU9UTnlkbDlyUTBaV2FrZE9RV05rVTNCelQzWm5MVFVhT0JvTkNndDBZakZNY0ZKNk1GUkVjeW9uQ2hoVlEzbHNNWG96YW04eldFaFNNWEpwVEVaTFJ6VlZRV2NTQzNSaU1VeHdVbm93VkVSeklBRW9CRElhQ2hoVlExSXdXVTVhUWt4Q2FYYzRTekpSTkhaM2VrNVZVM2M0QWtnQlVBRSUzRA=='}}, 'id': 'CjoKGkNObkZrc3Z0dl9rQ0ZkQU9yUVlkczN3RWFREhxDTkMwbjkzcnZfa0NGVmpHTkFjZFNwc092Zy01', 'timestampUsec': '1660257615258386', 'authorExternalChannelId': 'UCR0YNZBLBiw8K2Q4vwzNUSw', 'contextMenuAccessibility': {'accessibilityData': {'label': 'Chat actions'}}, 'timestampText': {'simpleText': '9:50'}}}



06-Sep-22 18:33:41 - <class 'KeyError'>-'authorName' item:{'liveChatTextMessageRenderer': {'message': {'runs': [{'text': 'No'}]}, 'authorPhoto': {'thumbnails': [{'url': 'https://yt4.ggpht.com/4uYesC6fP1bcfwtseteJYu6naTXuSjhc5roR8NosqxMRT_dZly2PoXKwJ7iCZ3ifkylaNbwEyF8=s32-c-k-c0x00ffffff-no-rj', 'width': 32, 'height': 32}, {'url': 'https://yt4.ggpht.com/4uYesC6fP1bcfwtseteJYu6naTXuSjhc5roR8NosqxMRT_dZly2PoXKwJ7iCZ3ifkylaNbwEyF8=s64-c-k-c0x00ffffff-no-rj', 'width': 64, 'height': 64}]}, 'contextMenuEndpoint': {'commandMetadata': {'webCommandMetadata': {'ignoreNavigation': True}}, 'liveChatItemContextMenuEndpoint': {'params': 'Q2p3S09nb2FRMDFMTlRGeGNqVjJYMnREUmxVd2NISlJXV1JtZWtsTlJVRVNIRU5PUXpCdU9UTnlkbDlyUTBaV2FrZE9RV05rVTNCelQzWm5MVGdhT0JvTkNndDBZakZNY0ZKNk1GUkVjeW9uQ2hoVlEzbHNNWG96YW04eldFaFNNWEpwVEVaTFJ6VlZRV2NTQzNSaU1VeHdVbm93VkVSeklBRW9CRElhQ2hoVlExSXdXVTVhUWt4Q2FYYzRTekpSTkhaM2VrNVZVM2M0QWtnQlVBRSUzRA=='}}, 'id': 'CjoKGkNNSzUxcXI1dl9rQ0ZVMHByUVlkZnpJTUVBEhxDTkMwbjkzcnZfa0NGVmpHTkFjZFNwc092Zy04', 'timestampUsec': '1660260768390398', 'authorExternalChannelId': 'UCR0YNZBLBiw8K2Q4vwzNUSw', 'contextMenuAccessibility': {'accessibilityData': {'label': 'Chat actions'}}, 'timestampText': {'simpleText': '1:02:23'}}}



06-Sep-22 18:35:59 - <class 'KeyError'>-'authorName' item:{'liveChatTextMessageRenderer': {'message': {'runs': [{'text': 'Hi Ame'}]}, 'authorPhoto': {'thumbnails': [{'url': 'https://yt4.ggpht.com/4uYesC6fP1bcfwtseteJYu6naTXuSjhc5roR8NosqxMRT_dZly2PoXKwJ7iCZ3ifkylaNbwEyF8=s32-c-k-c0x00ffffff-no-rj', 'width': 32, 'height': 32}, {'url': 'https://yt4.ggpht.com/4uYesC6fP1bcfwtseteJYu6naTXuSjhc5roR8NosqxMRT_dZly2PoXKwJ7iCZ3ifkylaNbwEyF8=s64-c-k-c0x00ffffff-no-rj', 'width': 64, 'height': 64}]}, 'contextMenuEndpoint': {'commandMetadata': {'webCommandMetadata': {'ignoreNavigation': True}}, 'liveChatItemContextMenuEndpoint': {'params': 'Q2p3S09nb2FRMGxNYURGWlZITjJYMnREUmxwWVNIZG5VV1EwTURSSk1tY1NIRU5PUXpCdU9UTnlkbDlyUTBaV2FrZE9RV05rVTNCelQzWm5MVEFhT0JvTkNndDBZakZNY0ZKNk1GUkVjeW9uQ2hoVlEzbHNNWG96YW04eldFaFNNWEpwVEVaTFJ6VlZRV2NTQzNSaU1VeHdVbm93VkVSeklBRW9CRElhQ2hoVlExSXdXVTVhUWt4Q2FYYzRTekpSTkhaM2VrNVZVM2M0QWtnQlVBRSUzRA=='}}, 'id': 'CjoKGkNJTGgxWVRzdl9rQ0ZaWEh3Z1FkNDA0STJnEhxDTkMwbjkzcnZfa0NGVmpHTkFjZFNwc092Zy0w', 'timestampUsec': '1660257199026356', 'authorExternalChannelId': 'UCR0YNZBLBiw8K2Q4vwzNUSw', 'contextMenuAccessibility': {'accessibilityData': {'label': 'Chat actions'}}, 'timestampText': {'simpleText': '2:53'}}}



06-Sep-22 18:36:01 - <class 'KeyError'>-'authorName' item:{'liveChatTextMessageRenderer': {'message': {'runs': [{'text': 'UoU'}]}, 'authorPhoto': {'thumbnails': [{'url': 'https://yt4.ggpht.com/4uYesC6fP1bcfwtseteJYu6naTXuSjhc5roR8NosqxMRT_dZly2PoXKwJ7iCZ3ifkylaNbwEyF8=s32-c-k-c0x00ffffff-no-rj', 'width': 32, 'height': 32}, {'url': 'https://yt4.ggpht.com/4uYesC6fP1bcfwtseteJYu6naTXuSjhc5roR8NosqxMRT_dZly2PoXKwJ7iCZ3ifkylaNbwEyF8=s64-c-k-c0x00ffffff-no-rj', 'width': 64, 'height': 64}]}, 'contextMenuEndpoint': {'commandMetadata': {'webCommandMetadata': {'ignoreNavigation': True}}, 'liveChatItemContextMenuEndpoint': {'params': 'Q2p3S09nb2FRMGxEWlRWYVdIUjJYMnREUmxWSlNXWlJiMlJ2WWtWRVowRVNIRU5PUXpCdU9UTnlkbDlyUTBaV2FrZE9RV05rVTNCelQzWm5MVE1hT0JvTkNndDBZakZNY0ZKNk1GUkVjeW9uQ2hoVlEzbHNNWG96YW04eldFaFNNWEpwVEVaTFJ6VlZRV2NTQzNSaU1VeHdVbm93VkVSeklBRW9CRElhQ2hoVlExSXdXVTVhUWt4Q2FYYzRTekpSTkhaM2VrNVZVM2M0QWtnQlVBRSUzRA=='}}, 'id': 'CjoKGkNJQ2U1Wlh0dl9rQ0ZVSUlmUW9kb2JFRGdBEhxDTkMwbjkzcnZfa0NGVmpHTkFjZFNwc092Zy0z', 'timestampUsec': '1660257503366959', 'authorExternalChannelId': 'UCR0YNZBLBiw8K2Q4vwzNUSw', 'contextMenuAccessibility': {'accessibilityData': {'label': 'Chat actions'}}, 'timestampText': {'simpleText': '7:58'}}}



06-Sep-22 18:36:01 - <class 'KeyError'>-'authorName' item:{'liveChatTextMessageRenderer': {'message': {'runs': [{'text': 'WoW'}]}, 'authorPhoto': {'thumbnails': [{'url': 'https://yt4.ggpht.com/4uYesC6fP1bcfwtseteJYu6naTXuSjhc5roR8NosqxMRT_dZly2PoXKwJ7iCZ3ifkylaNbwEyF8=s32-c-k-c0x00ffffff-no-rj', 'width': 32, 'height': 32}, {'url': 'https://yt4.ggpht.com/4uYesC6fP1bcfwtseteJYu6naTXuSjhc5roR8NosqxMRT_dZly2PoXKwJ7iCZ3ifkylaNbwEyF8=s64-c-k-c0x00ffffff-no-rj', 'width': 64, 'height': 64}]}, 'contextMenuEndpoint': {'commandMetadata': {'webCommandMetadata': {'ignoreNavigation': True}}, 'liveChatItemContextMenuEndpoint': {'params': 'Q2p3S09nb2FRMHh1TkhWTGNuUjJYMnREUmxGRlVuSlJXV1JITFc5R2QwRVNIRU5PUXpCdU9UTnlkbDlyUTBaV2FrZE9RV05rVTNCelQzWm5MVFFhT0JvTkNndDBZakZNY0ZKNk1GUkVjeW9uQ2hoVlEzbHNNWG96YW04eldFaFNNWEpwVEVaTFJ6VlZRV2NTQzNSaU1VeHdVbm93VkVSeklBRW9CRElhQ2hoVlExSXdXVTVhUWt4Q2FYYzRTekpSTkhaM2VrNVZVM2M0QWtnQlVBRSUzRA=='}}, 'id': 'CjoKGkNMbjR1S3J0dl9rQ0ZRRVJyUVlkRy1vRndBEhxDTkMwbjkzcnZfa0NGVmpHTkFjZFNwc092Zy00', 'timestampUsec': '1660257546681446', 'authorExternalChannelId': 'UCR0YNZBLBiw8K2Q4vwzNUSw', 'contextMenuAccessibility': {'accessibilityData': {'label': 'Chat actions'}}, 'timestampText': {'simpleText': '8:41'}}}



06-Sep-22 18:36:02 - <class 'KeyError'>-'authorName' item:{'liveChatTextMessageRenderer': {'message': {'runs': [{'text': 'Oh my god '}]}, 'authorPhoto': {'thumbnails': [{'url': 'https://yt4.ggpht.com/4uYesC6fP1bcfwtseteJYu6naTXuSjhc5roR8NosqxMRT_dZly2PoXKwJ7iCZ3ifkylaNbwEyF8=s32-c-k-c0x00ffffff-no-rj', 'width': 32, 'height': 32}, {'url': 'https://yt4.ggpht.com/4uYesC6fP1bcfwtseteJYu6naTXuSjhc5roR8NosqxMRT_dZly2PoXKwJ7iCZ3ifkylaNbwEyF8=s64-c-k-c0x00ffffff-no-rj', 'width': 64, 'height': 64}]}, 'contextMenuEndpoint': {'commandMetadata': {'webCommandMetadata': {'ignoreNavigation': True}}, 'liveChatItemContextMenuEndpoint': {'params': 'Q2p3S09nb2FRMDV1Um10emRuUjJYMnREUm1SQlQzSlJXV1J6TTNkRllWRVNIRU5PUXpCdU9UTnlkbDlyUTBaV2FrZE9RV05rVTNCelQzWm5MVFVhT0JvTkNndDBZakZNY0ZKNk1GUkVjeW9uQ2hoVlEzbHNNWG96YW04eldFaFNNWEpwVEVaTFJ6VlZRV2NTQzNSaU1VeHdVbm93VkVSeklBRW9CRElhQ2hoVlExSXdXVTVhUWt4Q2FYYzRTekpSTkhaM2VrNVZVM2M0QWtnQlVBRSUzRA=='}}, 'id': 'CjoKGkNObkZrc3Z0dl9rQ0ZkQU9yUVlkczN3RWFREhxDTkMwbjkzcnZfa0NGVmpHTkFjZFNwc092Zy01', 'timestampUsec': '1660257615258386', 'authorExternalChannelId': 'UCR0YNZBLBiw8K2Q4vwzNUSw', 'contextMenuAccessibility': {'accessibilityData': {'label': 'Chat actions'}}, 'timestampText': {'simpleText': '9:50'}}}



06-Sep-22 18:36:25 - <class 'KeyError'>-'authorName' item:{'liveChatTextMessageRenderer': {'message': {'runs': [{'text': 'No'}]}, 'authorPhoto': {'thumbnails': [{'url': 'https://yt4.ggpht.com/4uYesC6fP1bcfwtseteJYu6naTXuSjhc5roR8NosqxMRT_dZly2PoXKwJ7iCZ3ifkylaNbwEyF8=s32-c-k-c0x00ffffff-no-rj', 'width': 32, 'height': 32}, {'url': 'https://yt4.ggpht.com/4uYesC6fP1bcfwtseteJYu6naTXuSjhc5roR8NosqxMRT_dZly2PoXKwJ7iCZ3ifkylaNbwEyF8=s64-c-k-c0x00ffffff-no-rj', 'width': 64, 'height': 64}]}, 'contextMenuEndpoint': {'commandMetadata': {'webCommandMetadata': {'ignoreNavigation': True}}, 'liveChatItemContextMenuEndpoint': {'params': 'Q2p3S09nb2FRMDFMTlRGeGNqVjJYMnREUmxVd2NISlJXV1JtZWtsTlJVRVNIRU5PUXpCdU9UTnlkbDlyUTBaV2FrZE9RV05rVTNCelQzWm5MVGdhT0JvTkNndDBZakZNY0ZKNk1GUkVjeW9uQ2hoVlEzbHNNWG96YW04eldFaFNNWEpwVEVaTFJ6VlZRV2NTQzNSaU1VeHdVbm93VkVSeklBRW9CRElhQ2hoVlExSXdXVTVhUWt4Q2FYYzRTekpSTkhaM2VrNVZVM2M0QWtnQlVBRSUzRA=='}}, 'id': 'CjoKGkNNSzUxcXI1dl9rQ0ZVMHByUVlkZnpJTUVBEhxDTkMwbjkzcnZfa0NGVmpHTkFjZFNwc092Zy04', 'timestampUsec': '1660260768390398', 'authorExternalChannelId': 'UCR0YNZBLBiw8K2Q4vwzNUSw', 'contextMenuAccessibility': {'accessibilityData': {'label': 'Chat actions'}}, 'timestampText': {'simpleText': '1:02:23'}}}



